#
# There is insufficient memory for the Java Runtime Environment to continue.
# Native memory allocation (malloc) failed to allocate 1937856 bytes for Chunk::new
# Possible reasons:
#   The system is out of physical RAM or swap space
#   In 32 bit mode, the process size limit was hit
# Possible solutions:
#   Reduce memory load on the system
#   Increase physical memory or swap space
#   Check if swap backing store is full
#   Use 64 bit Java on a 64 bit OS
#   Decrease Java heap size (-Xmx/-Xms)
#   Decrease number of Java threads
#   Decrease Java thread stack sizes (-Xss)
#   Set larger code cache with -XX:ReservedCodeCacheSize=
# This output file may be truncated or incomplete.
#
#  Out of Memory Error (allocation.cpp:390), pid=3364, tid=9644
#
# JRE version: Java(TM) SE Runtime Environment (8.0_65-b17) (build 1.8.0_65-b17)
# Java VM: Java HotSpot(TM) 64-Bit Server VM (25.65-b01 mixed mode windows-amd64 compressed oops)
# Failed to write core dump. Minidumps are not enabled by default on client versions of Windows
#

---------------  T H R E A D  ---------------

Current thread (0x00000000152c4000):  JavaThread "C2 CompilerThread1" daemon [_thread_in_native, id=9644, stack(0x00000000169f0000,0x0000000016af0000)]

Stack: [0x00000000169f0000,0x0000000016af0000]
[error occurred during error reporting (printing stack bounds), id 0xc0000005]

Native frames: (J=compiled Java code, j=interpreted, Vv=VM code, C=native code)


Current CompileTask:
C2:  43214 1060       4       java.net.URLClassLoader$1::run (5 bytes)


---------------  P R O C E S S  ---------------

Java Threads: ( => current thread )
  0x0000000016c21000 JavaThread "Service Thread" daemon [_thread_blocked, id=5236, stack(0x0000000016ff0000,0x00000000170f0000)]
  0x00000000152e7000 JavaThread "C1 CompilerThread2" daemon [_thread_blocked, id=8908, stack(0x0000000016af0000,0x0000000016bf0000)]
=>0x00000000152c4000 JavaThread "C2 CompilerThread1" daemon [_thread_in_native, id=9644, stack(0x00000000169f0000,0x0000000016af0000)]
  0x000000001528d800 JavaThread "C2 CompilerThread0" daemon [_thread_in_native, id=1044, stack(0x00000000168f0000,0x00000000169f0000)]
  0x000000001528b800 JavaThread "Attach Listener" daemon [_thread_blocked, id=9456, stack(0x00000000167f0000,0x00000000168f0000)]
  0x000000001528a800 JavaThread "Signal Dispatcher" daemon [_thread_blocked, id=6428, stack(0x00000000166f0000,0x00000000167f0000)]
  0x0000000002c67000 JavaThread "Finalizer" daemon [_thread_blocked, id=7408, stack(0x0000000016510000,0x0000000016610000)]
  0x0000000002c5e000 JavaThread "Reference Handler" daemon [_thread_blocked, id=8324, stack(0x0000000016410000,0x0000000016510000)]
  0x00000000012de000 JavaThread "main" [_thread_in_Java, id=8244, stack(0x0000000002a70000,0x0000000002b70000)]

Other Threads:
  0x0000000015257800 VMThread [stack: 0x0000000016310000,0x0000000016410000] [id=9804]
  0x0000000016c3c000 WatcherThread [stack: 0x00000000170f0000,0x00000000171f0000] [id=1352]

VM state:not at safepoint (normal execution)

VM Mutex/Monitor currently owned by a thread: None

Heap:
 PSYoungGen      total 18944K, used 18682K [0x00000000eb100000, 0x00000000ec600000, 0x0000000100000000)
  eden space 16384K, 98% used [0x00000000eb100000,0x00000000ec0c0360,0x00000000ec100000)
  from space 2560K, 99% used [0x00000000ec380000,0x00000000ec5fe7c0,0x00000000ec600000)
  to   space 2560K, 0% used [0x00000000ec100000,0x00000000ec100000,0x00000000ec380000)
 ParOldGen       total 44032K, used 5793K [0x00000000c1200000, 0x00000000c3d00000, 0x00000000eb100000)
  object space 44032K, 13% used [0x00000000c1200000,0x00000000c17a8418,0x00000000c3d00000)
 Metaspace       used 15177K, capacity 15500K, committed 15872K, reserved 1062912K
  class space    used 2067K, capacity 2184K, committed 2304K, reserved 1048576K

Card table byte_map: [0x0000000012030000,0x0000000012230000] byte_map_base: 0x0000000011a27000

Marking Bits: (ParMarkBitMap*) 0x0000000065efa5b0
 Begin Bits: [0x0000000012780000, 0x0000000013738000)
 End Bits:   [0x0000000013738000, 0x00000000146f0000)

Polling page: 0x0000000001200000

CodeCache: size=245760Kb used=3840Kb max_used=3852Kb free=241919Kb
 bounds [0x0000000002c70000, 0x0000000003040000, 0x0000000011c70000]
 total_blobs=1412 nmethods=1060 adapters=265
 compilation: enabled

Compilation events (10 events):
Event: 42.727 Thread 0x00000000152e7000 nmethod 1058 0x000000000302a290 code [0x000000000302a6e0, 0x000000000302c808]
Event: 42.727 Thread 0x00000000152e7000 1059       3       sun.misc.JarIndex::get (49 bytes)
Event: 42.729 Thread 0x00000000152e7000 nmethod 1059 0x0000000003027790 code [0x0000000003027960, 0x00000000030281d8]
Event: 42.784 Thread 0x00000000152c4000 1060       4       java.net.URLClassLoader$1::run (5 bytes)
Event: 43.064 Thread 0x000000001528d800 1061       4       java.lang.ref.Finalizer::register (10 bytes)
Event: 43.075 Thread 0x000000001528d800 nmethod 1061 0x0000000003026f90 code [0x0000000003027100, 0x0000000003027478]
Event: 43.115 Thread 0x00000000152e7000 1062       3       java.util.LinkedList::listIterator (15 bytes)
Event: 43.116 Thread 0x00000000152e7000 nmethod 1062 0x0000000003030d90 code [0x0000000003030f40, 0x00000000030313c8]
Event: 43.116 Thread 0x00000000152e7000 1063       3       java.util.LinkedList$ListItr::<init> (47 bytes)
Event: 43.117 Thread 0x00000000152e7000 nmethod 1063 0x0000000003030850 code [0x00000000030309c0, 0x0000000003030c88]

GC Heap History (8 events):
Event: 7.040 GC heap before
{Heap before GC invocations=1 (full 0):
 PSYoungGen      total 18944K, used 16384K [0x00000000eb100000, 0x00000000ec600000, 0x0000000100000000)
  eden space 16384K, 100% used [0x00000000eb100000,0x00000000ec100000,0x00000000ec100000)
  from space 2560K, 0% used [0x00000000ec380000,0x00000000ec380000,0x00000000ec600000)
  to   space 2560K, 0% used [0x00000000ec100000,0x00000000ec100000,0x00000000ec380000)
 ParOldGen       total 44032K, used 0K [0x00000000c1200000, 0x00000000c3d00000, 0x00000000eb100000)
  object space 44032K, 0% used [0x00000000c1200000,0x00000000c1200000,0x00000000c3d00000)
 Metaspace       used 6733K, capacity 6932K, committed 7168K, reserved 1056768K
  class space    used 857K, capacity 928K, committed 1024K, reserved 1048576K
Event: 7.053 GC heap after
Heap after GC invocations=1 (full 0):
 PSYoungGen      total 18944K, used 2554K [0x00000000eb100000, 0x00000000ec600000, 0x0000000100000000)
  eden space 16384K, 0% used [0x00000000eb100000,0x00000000eb100000,0x00000000ec100000)
  from space 2560K, 99% used [0x00000000ec100000,0x00000000ec37ebe0,0x00000000ec380000)
  to   space 2560K, 0% used [0x00000000ec380000,0x00000000ec380000,0x00000000ec600000)
 ParOldGen       total 44032K, used 961K [0x00000000c1200000, 0x00000000c3d00000, 0x00000000eb100000)
  object space 44032K, 2% used [0x00000000c1200000,0x00000000c12f0500,0x00000000c3d00000)
 Metaspace       used 6733K, capacity 6932K, committed 7168K, reserved 1056768K
  class space    used 857K, capacity 928K, committed 1024K, reserved 1048576K
}
Event: 27.614 GC heap before
{Heap before GC invocations=2 (full 0):
 PSYoungGen      total 18944K, used 18938K [0x00000000eb100000, 0x00000000ec600000, 0x0000000100000000)
  eden space 16384K, 100% used [0x00000000eb100000,0x00000000ec100000,0x00000000ec100000)
  from space 2560K, 99% used [0x00000000ec100000,0x00000000ec37ebe0,0x00000000ec380000)
  to   space 2560K, 0% used [0x00000000ec380000,0x00000000ec380000,0x00000000ec600000)
 ParOldGen       total 44032K, used 961K [0x00000000c1200000, 0x00000000c3d00000, 0x00000000eb100000)
  object space 44032K, 2% used [0x00000000c1200000,0x00000000c12f0500,0x00000000c3d00000)
 Metaspace       used 8173K, capacity 8436K, committed 8576K, reserved 1056768K
  class space    used 1067K, capacity 1152K, committed 1152K, reserved 1048576K
Event: 27.624 GC heap after
Heap after GC invocations=2 (full 0):
 PSYoungGen      total 18944K, used 2543K [0x00000000eb100000, 0x00000000ec600000, 0x0000000100000000)
  eden space 16384K, 0% used [0x00000000eb100000,0x00000000eb100000,0x00000000ec100000)
  from space 2560K, 99% used [0x00000000ec380000,0x00000000ec5fbcd8,0x00000000ec600000)
  to   space 2560K, 0% used [0x00000000ec100000,0x00000000ec100000,0x00000000ec380000)
 ParOldGen       total 44032K, used 1493K [0x00000000c1200000, 0x00000000c3d00000, 0x00000000eb100000)
  object space 44032K, 3% used [0x00000000c1200000,0x00000000c1375730,0x00000000c3d00000)
 Metaspace       used 8173K, capacity 8436K, committed 8576K, reserved 1056768K
  class space    used 1067K, capacity 1152K, committed 1152K, reserved 1048576K
}
Event: 33.153 GC heap before
{Heap before GC invocations=3 (full 0):
 PSYoungGen      total 18944K, used 18927K [0x00000000eb100000, 0x00000000ec600000, 0x0000000100000000)
  eden space 16384K, 100% used [0x00000000eb100000,0x00000000ec100000,0x00000000ec100000)
  from space 2560K, 99% used [0x00000000ec380000,0x00000000ec5fbcd8,0x00000000ec600000)
  to   space 2560K, 0% used [0x00000000ec100000,0x00000000ec100000,0x00000000ec380000)
 ParOldGen       total 44032K, used 1493K [0x00000000c1200000, 0x00000000c3d00000, 0x00000000eb100000)
  object space 44032K, 3% used [0x00000000c1200000,0x00000000c1375730,0x00000000c3d00000)
 Metaspace       used 9549K, capacity 9804K, committed 10112K, reserved 1058816K
  class space    used 1269K, capacity 1352K, committed 1408K, reserved 1048576K
Event: 33.164 GC heap after
Heap after GC invocations=3 (full 0):
 PSYoungGen      total 18944K, used 2544K [0x00000000eb100000, 0x00000000ec600000, 0x0000000100000000)
  eden space 16384K, 0% used [0x00000000eb100000,0x00000000eb100000,0x00000000ec100000)
  from space 2560K, 99% used [0x00000000ec100000,0x00000000ec37c050,0x00000000ec380000)
  to   space 2560K, 0% used [0x00000000ec380000,0x00000000ec380000,0x00000000ec600000)
 ParOldGen       total 44032K, used 2573K [0x00000000c1200000, 0x00000000c3d00000, 0x00000000eb100000)
  object space 44032K, 5% used [0x00000000c1200000,0x00000000c1483660,0x00000000c3d00000)
 Metaspace       used 9549K, capacity 9804K, committed 10112K, reserved 1058816K
  class space    used 1269K, capacity 1352K, committed 1408K, reserved 1048576K
}
Event: 39.943 GC heap before
{Heap before GC invocations=4 (full 0):
 PSYoungGen      total 18944K, used 18928K [0x00000000eb100000, 0x00000000ec600000, 0x0000000100000000)
  eden space 16384K, 100% used [0x00000000eb100000,0x00000000ec100000,0x00000000ec100000)
  from space 2560K, 99% used [0x00000000ec100000,0x00000000ec37c050,0x00000000ec380000)
  to   space 2560K, 0% used [0x00000000ec380000,0x00000000ec380000,0x00000000ec600000)
 ParOldGen       total 44032K, used 2573K [0x00000000c1200000, 0x00000000c3d00000, 0x00000000eb100000)
  object space 44032K, 5% used [0x00000000c1200000,0x00000000c1483660,0x00000000c3d00000)
 Metaspace       used 13296K, capacity 13548K, committed 13696K, reserved 1060864K
  class space    used 1755K, capacity 1832K, committed 1920K, reserved 1048576K
Event: 39.959 GC heap after
Heap after GC invocations=4 (full 0):
 PSYoungGen      total 18944K, used 2553K [0x00000000eb100000, 0x00000000ec600000, 0x0000000100000000)
  eden space 16384K, 0% used [0x00000000eb100000,0x00000000eb100000,0x00000000ec100000)
  from space 2560K, 99% used [0x00000000ec380000,0x00000000ec5fe7c0,0x00000000ec600000)
  to   space 2560K, 0% used [0x00000000ec100000,0x00000000ec100000,0x00000000ec380000)
 ParOldGen       total 44032K, used 5793K [0x00000000c1200000, 0x00000000c3d00000, 0x00000000eb100000)
  object space 44032K, 13% used [0x00000000c1200000,0x00000000c17a8418,0x00000000c3d00000)
 Metaspace       used 13296K, capacity 13548K, committed 13696K, reserved 1060864K
  class space    used 1755K, capacity 1832K, committed 1920K, reserved 1048576K
}

Deoptimization events (10 events):
Event: 4.905 Thread 0x00000000012de000 Uncommon trap: reason=unstable_if action=reinterpret pc=0x0000000002de7a50 method=java.lang.String.startsWith(Ljava/lang/String;I)Z @ 25
Event: 7.425 Thread 0x00000000012de000 Uncommon trap: reason=unstable_if action=reinterpret pc=0x0000000002eabc3c method=java.util.HashMap.getNode(ILjava/lang/Object;)Ljava/util/HashMap$Node; @ 129
Event: 27.724 Thread 0x00000000012de000 Uncommon trap: reason=bimorphic action=maybe_recompile pc=0x0000000002f095f8 method=java.util.HashMap.putVal(ILjava/lang/Object;Ljava/lang/Object;ZZ)Ljava/lang/Object; @ 91
Event: 33.838 Thread 0x00000000012de000 Uncommon trap: reason=unstable_if action=reinterpret pc=0x0000000002e8fd34 method=java.util.HashMap.getNode(ILjava/lang/Object;)Ljava/util/HashMap$Node; @ 129
Event: 34.107 Thread 0x00000000012de000 Uncommon trap: reason=bimorphic action=maybe_recompile pc=0x0000000002f095f8 method=java.util.HashMap.putVal(ILjava/lang/Object;Ljava/lang/Object;ZZ)Ljava/lang/Object; @ 91
Event: 34.108 Thread 0x00000000012de000 Uncommon trap: reason=bimorphic action=maybe_recompile pc=0x0000000002f095f8 method=java.util.HashMap.putVal(ILjava/lang/Object;Ljava/lang/Object;ZZ)Ljava/lang/Object; @ 91
Event: 34.108 Thread 0x00000000012de000 Uncommon trap: reason=bimorphic action=maybe_recompile pc=0x0000000002f095f8 method=java.util.HashMap.putVal(ILjava/lang/Object;Ljava/lang/Object;ZZ)Ljava/lang/Object; @ 91
Event: 34.108 Thread 0x00000000012de000 Uncommon trap: reason=bimorphic action=maybe_recompile pc=0x0000000002f02680 method=java.util.HashMap.putVal(ILjava/lang/Object;Ljava/lang/Object;ZZ)Ljava/lang/Object; @ 91
Event: 34.647 Thread 0x00000000012de000 Uncommon trap: reason=unstable_if action=reinterpret pc=0x0000000002dd9288 method=java.net.URI.match(CJJ)Z @ 19
Event: 34.647 Thread 0x00000000012de000 Uncommon trap: reason=unstable_if action=reinterpret pc=0x0000000002f44848 method=java.net.URI.match(CJJ)Z @ 19

Internal exceptions (10 events):
Event: 40.398 Thread 0x00000000012de000 Exception <a 'java/lang/ClassNotFoundException': groovy/lang/ExpandoMetaClassBeanInfo> (0x00000000eb2bac50) thrown at [C:\workspace\8-2-build-windows-amd64-cygwin\jdk8u65\4987\hotspot\src\share\vm\classfile\systemDictionary.cpp, line 210]
Event: 40.399 Thread 0x00000000012de000 Exception <a 'java/lang/ClassNotFoundException': groovy/lang/MetaClassImplBeanInfo> (0x00000000eb2c54a8) thrown at [C:\workspace\8-2-build-windows-amd64-cygwin\jdk8u65\4987\hotspot\src\share\vm\classfile\systemDictionary.cpp, line 210]
Event: 40.399 Thread 0x00000000012de000 Exception <a 'java/lang/ClassNotFoundException': java/lang/ObjectBeanInfo> (0x00000000eb2ca280) thrown at [C:\workspace\8-2-build-windows-amd64-cygwin\jdk8u65\4987\hotspot\src\share\vm\classfile\systemDictionary.cpp, line 210]
Event: 40.400 Thread 0x00000000012de000 Exception <a 'java/lang/ClassNotFoundException': java/lang/ObjectCustomizer> (0x00000000eb2cf1a0) thrown at [C:\workspace\8-2-build-windows-amd64-cygwin\jdk8u65\4987\hotspot\src\share\vm\classfile\systemDictionary.cpp, line 210]
Event: 40.551 Thread 0x00000000012de000 Exception <a 'java/lang/ClassNotFoundException': groovy/lang/MetaClassImplCustomizer> (0x00000000eb2e1788) thrown at [C:\workspace\8-2-build-windows-amd64-cygwin\jdk8u65\4987\hotspot\src\share\vm\classfile\systemDictionary.cpp, line 210]
Event: 40.558 Thread 0x00000000012de000 Exception <a 'java/lang/ClassNotFoundException': groovy/lang/ExpandoMetaClassCustomizer> (0x00000000eb3141a8) thrown at [C:\workspace\8-2-build-windows-amd64-cygwin\jdk8u65\4987\hotspot\src\share\vm\classfile\systemDictionary.cpp, line 210]
Event: 40.609 Thread 0x00000000012de000 Exception <a 'java/lang/ClassNotFoundException': org/gradle/api/internal/plugins/DefaultExtraPropertiesExtensionBeanInfo> (0x00000000eb3929d0) thrown at [C:\workspace\8-2-build-windows-amd64-cygwin\jdk8u65\4987\hotspot\src\share\vm\classfile\systemDictiona
Event: 40.610 Thread 0x00000000012de000 Exception <a 'java/lang/ClassNotFoundException': groovy/lang/GroovyObjectSupportBeanInfo> (0x00000000eb39e328) thrown at [C:\workspace\8-2-build-windows-amd64-cygwin\jdk8u65\4987\hotspot\src\share\vm\classfile\systemDictionary.cpp, line 210]
Event: 40.611 Thread 0x00000000012de000 Exception <a 'java/lang/ClassNotFoundException': groovy/lang/GroovyObjectSupportCustomizer> (0x00000000eb3a9fe8) thrown at [C:\workspace\8-2-build-windows-amd64-cygwin\jdk8u65\4987\hotspot\src\share\vm\classfile\systemDictionary.cpp, line 210]
Event: 40.614 Thread 0x00000000012de000 Exception <a 'java/lang/ClassNotFoundException': org/gradle/api/internal/plugins/DefaultExtraPropertiesExtensionCustomizer> (0x00000000eb3bfc28) thrown at [C:\workspace\8-2-build-windows-amd64-cygwin\jdk8u65\4987\hotspot\src\share\vm\classfile\systemDictioÓ«®ºò2D@

Events (10 events):
Event: 43.146 loading class org/gradle/initialization/ScriptEvaluatingSettingsProcessor
Event: 43.146 loading class org/gradle/initialization/ScriptEvaluatingSettingsProcessor done
Event: 43.147 loading class org/gradle/initialization/SettingsFactory
Event: 43.147 loading class org/gradle/initialization/SettingsFactory done
Event: 43.148 loading class org/gradle/api/internal/SettingsInternal
Event: 43.148 loading class org/gradle/api/internal/SettingsInternal done
Event: 43.148 loading class org/gradle/initialization/DefaultGradlePropertiesLoader
Event: 43.148 loading class org/gradle/initialization/DefaultGradlePropertiesLoader done
Event: 43.150 loading class org/gradle/initialization/buildsrc/BuildSourceBuilder
Event: 43.150 loading class org/gradle/initialization/buildsrc/BuildSourceBuilder done


Dynamic libraries:
0x00007ff7e74d0000 - 0x00007ff7e7507000 	C:\Program Files\Java\jdk1.8.0_65\bin\java.exe
0x00007ffcb24b0000 - 0x00007ffcb265d000 	C:\Windows\SYSTEM32\ntdll.dll
0x00007ffcb00a0000 - 0x00007ffcb01de000 	C:\Windows\system32\KERNEL32.DLL
0x00007ffc94050000 - 0x00007ffc940a4000 	C:\Program Files (x86)\AVG\Av\avghooka.dll
0x00007ffcae400000 - 0x00007ffcae515000 	C:\Windows\system32\KERNELBASE.dll
0x00007ffcaa1a0000 - 0x00007ffcaa22e000 	C:\Windows\system32\apphelp.dll
0x00007ffc9c760000 - 0x00007ffc9c7b3000 	C:\Windows\AppPatch\AppPatch64\AcGenral.DLL
0x00007ffcaffb0000 - 0x00007ffcb005a000 	C:\Windows\system32\msvcrt.dll
0x00007ffcae380000 - 0x00007ffcae3ae000 	C:\Windows\system32\SspiCli.dll
0x00007ffcb1130000 - 0x00007ffcb1184000 	C:\Windows\system32\SHLWAPI.dll
0x00007ffcb0430000 - 0x00007ffcb05a7000 	C:\Windows\system32\USER32.dll
0x00007ffcb0b30000 - 0x00007ffcb0cc4000 	C:\Windows\system32\ole32.dll
0x00007ffcaea10000 - 0x00007ffcaff38000 	C:\Windows\system32\SHELL32.dll
0x00007ffcad860000 - 0x00007ffcad881000 	C:\Windows\SYSTEM32\USERENV.dll
0x00007ffcae960000 - 0x00007ffcaea0a000 	C:\Windows\system32\ADVAPI32.dll
0x00007ffca1a00000 - 0x00007ffca1a1e000 	C:\Windows\SYSTEM32\MPR.dll
0x00007ffcb0610000 - 0x00007ffcb0750000 	C:\Windows\system32\RPCRT4.dll
0x00007ffcaff50000 - 0x00007ffcaffa9000 	C:\Windows\SYSTEM32\sechost.dll
0x00007ffcb0910000 - 0x00007ffcb0b21000 	C:\Windows\SYSTEM32\combase.dll
0x00007ffcb02b0000 - 0x00007ffcb03ff000 	C:\Windows\system32\GDI32.dll
0x00007ffcae2b0000 - 0x00007ffcae2c5000 	C:\Windows\SYSTEM32\profapi.dll
0x00007ffcacc20000 - 0x00007ffcaccd2000 	C:\Windows\SYSTEM32\SHCORE.dll
0x00007ffcb0060000 - 0x00007ffcb0096000 	C:\Windows\system32\IMM32.DLL
0x00007ffcb0f10000 - 0x00007ffcb1062000 	C:\Windows\system32\MSCTF.dll
0x00007ffcac7a0000 - 0x00007ffcaca1b000 	C:\Windows\WinSxS\amd64_microsoft.windows.common-controls_6595b64144ccf1df_6.0.9600.18006_none_623f33d3ecbe86e8\COMCTL32.dll
0x0000000065560000 - 0x0000000065632000 	C:\Program Files\Java\jdk1.8.0_65\jre\bin\msvcr100.dll
0x00000000656f0000 - 0x0000000065f79000 	C:\Program Files\Java\jdk1.8.0_65\jre\bin\server\jvm.dll
0x00007ffca0df0000 - 0x00007ffca0df9000 	C:\Windows\SYSTEM32\WSOCK32.dll
0x00007ffcac0b0000 - 0x00007ffcac0d2000 	C:\Windows\SYSTEM32\WINMM.dll
0x00007ffca5ed0000 - 0x00007ffca5eda000 	C:\Windows\SYSTEM32\VERSION.dll
0x00007ffcb01e0000 - 0x00007ffcb01e7000 	C:\Windows\system32\PSAPI.DLL
0x00007ffcb0cd0000 - 0x00007ffcb0d2a000 	C:\Windows\system32\WS2_32.dll
0x00007ffcac020000 - 0x00007ffcac04a000 	C:\Windows\SYSTEM32\WINMMBASE.dll
0x00007ffcae8e0000 - 0x00007ffcae8e9000 	C:\Windows\system32\NSI.dll
0x00007ffcae3b0000 - 0x00007ffcae3ff000 	C:\Windows\SYSTEM32\cfgmgr32.dll
0x00007ffcad100000 - 0x00007ffcad128000 	C:\Windows\SYSTEM32\DEVOBJ.dll
0x0000000066dd0000 - 0x0000000066ddf000 	C:\Program Files\Java\jdk1.8.0_65\jre\bin\verify.dll
0x0000000066da0000 - 0x0000000066dc9000 	C:\Program Files\Java\jdk1.8.0_65\jre\bin\java.dll
0x0000000066d80000 - 0x0000000066d96000 	C:\Program Files\Java\jdk1.8.0_65\jre\bin\zip.dll
0x0000000066d60000 - 0x0000000066d7a000 	C:\Program Files\Java\jdk1.8.0_65\jre\bin\net.dll
0x00007ffcadad0000 - 0x00007ffcadb29000 	C:\Windows\system32\mswsock.dll
0x0000000066d40000 - 0x0000000066d51000 	C:\Program Files\Java\jdk1.8.0_65\jre\bin\nio.dll
0x00007ffc9fcf0000 - 0x00007ffc9fd02000 	C:\Users\Zarmeen\.gradle\native\19\windows-amd64\native-platform.dll
0x0000000180000000 - 0x0000000180037000 	C:\Users\Zarmeen\.gradle\native\jna\win32-amd64\jnidispatch.dll
0x00007ffcadca0000 - 0x00007ffcadcc0000 	C:\Windows\SYSTEM32\CRYPTSP.dll
0x00007ffcad740000 - 0x00007ffcad776000 	C:\Windows\system32\rsaenh.dll
0x00007ffcadda0000 - 0x00007ffcaddc6000 	C:\Windows\SYSTEM32\bcrypt.dll
0x00007ffcae0b0000 - 0x00007ffcae113000 	C:\Windows\system32\bcryptprimitives.dll
0x00007ffcae120000 - 0x00007ffcae12b000 	C:\Windows\SYSTEM32\CRYPTBASE.dll
0x00007ffca8960000 - 0x00007ffca898a000 	C:\Windows\SYSTEM32\IPHLPAPI.DLL
0x00007ffca8900000 - 0x00007ffca890a000 	C:\Windows\SYSTEM32\WINNSI.DLL
0x00007ffca8590000 - 0x00007ffca85a6000 	C:\Windows\SYSTEM32\dhcpcsvc6.DLL
0x00007ffca8570000 - 0x00007ffca858a000 	C:\Windows\SYSTEM32\dhcpcsvc.DLL
0x0000000066ce0000 - 0x0000000066ced000 	C:\Program Files\Java\jdk1.8.0_65\jre\bin\management.dll

VM Arguments:
jvm_args: -Dorg.gradle.appname=gradlew 
java_command: org.gradle.wrapper.GradleWrapperMain installDebug
java_class_path (initial): D:\Setup-Software\Git\KiboEngageMobile\android\\gradle\wrapper\gradle-wrapper.jar
Launcher Type: SUN_STANDARD

Environment Variables:
JAVA_HOME=C:\Program Files\Java\jdk1.8.0_65
CLASSPATH=D:\Setup-Software\Git\KiboEngageMobile\android\\gradle\wrapper\gradle-wrapper.jar
PATH=D:\Setup-Software\Git\cmd;C:\Python35\Lib\site-packages\PyQt5;C:\ProgramData\Oracle\Java\javapath;D:\Setup-Software\Rtools\bin;D:\Setup-Software\Rtools\gcc-4.6.3\bin;C:\Program Files (x86)\Intel\iCLS Client\;C:\Program Files\Intel\iCLS Client\;C:\Windows\system32;C:\Windows;C:\Windows\System32\Wbem;C:\Windows\System32\WindowsPowerShell\v1.0\;C:\Program Files\Intel\Intel(R) Management Engine Components\DAL;C:\Program Files\Intel\Intel(R) Management Engine Components\IPT;C:\Program Files (x86)\Intel\Intel(R) Management Engine Components\DAL;C:\Program Files (x86)\Intel\Intel(R) Management Engine Components\IPT;C:\Program Files (x86)\Microsoft SQL Server\100\Tools\Binn\;C:\Program Files\Microsoft SQL Server\100\Tools\Binn\;C:\Program Files\Microsoft SQL Server\100\DTS\Binn\;C:\Program Files\Microsoft\Web Platform Installer\;C:\Program Files (x86)\Microsoft ASP.NET\ASP.NET Web Pages\v1.0\;C:\Program Files (x86)\Windows Kits\8.0\Windows Performance Toolkit\;C:\Program Files\Microsoft SQL Server\110\Tools\Binn\;C:\Program Files\nodejs\;C:\Program Files (x86)\Skype\Phone\;D:\Matlab\runtime\win64;D:\Matlab\bin;C:\openblas;C:\Program Files\MiKTeX 2.9\miktex\bin\x64\;C:\Program Files\Git LFS;D:\Anaconda2;D:\Anaconda2\Scripts;D:\Anaconda2\Library\bin;C:\Users\Zarmeen\AppData\Roaming\npm;D:\wget;D:\7-Zip;D:\apache-maven-3.3.9-bin\apache-maven-3.3.9\bin;C:\Program Files\Java\jdk1.8.0_65\bin;C:\Program Files\Java\jre1.8.0_65\bin;D:\sdk\platform-tools
USERNAME=Zarmeen
OS=Windows_NT
PROCESSOR_IDENTIFIER=Intel64 Family 6 Model 69 Stepping 1, GenuineIntel



---------------  S Y S T E M  ---------------

OS: Windows 8.1 , 64 bit Build 9600 (6.3.9600.17415)

CPU:total 4 (2 cores per cpu, 2 threads per core) family 6 model 69 stepping 1, cmov, cx8, fxsr, mmx, sse, sse2, sse3, ssse3, sse4.1, sse4.2, popcnt, avx, avx2, aes, clmul, erms, lzcnt, ht, tsc, tscinvbit, bmi1, bmi2

Memory: 4k page, physical 4114584k(377092k free), swap 7260312k(4596k free)

vm_info: Java HotSpot(TM) 64-Bit Server VM (25.65-b01) for windows-amd64 JRE (1.8.0_65-b17), built on Oct  6 2015 16:39:20 by "java_re" with MS VC++ 10.0 (VS2010)

time: Thu Feb 09 15:47:44 2017
elapsed time: 43 seconds (0d 0h 0m 43s)

