#
# There is insufficient memory for the Java Runtime Environment to continue.
# Native memory allocation (malloc) failed to allocate 414992 bytes for Chunk::new
# Possible reasons:
#   The system is out of physical RAM or swap space
#   In 32 bit mode, the process size limit was hit
# Possible solutions:
#   Reduce memory load on the system
#   Increase physical memory or swap space
#   Check if swap backing store is full
#   Use 64 bit Java on a 64 bit OS
#   Decrease Java heap size (-Xmx/-Xms)
#   Decrease number of Java threads
#   Decrease Java thread stack sizes (-Xss)
#   Set larger code cache with -XX:ReservedCodeCacheSize=
# This output file may be truncated or incomplete.
#
#  Out of Memory Error (allocation.cpp:390), pid=8460, tid=9496
#
# JRE version: Java(TM) SE Runtime Environment (8.0_65-b17) (build 1.8.0_65-b17)
# Java VM: Java HotSpot(TM) 64-Bit Server VM (25.65-b01 mixed mode windows-amd64 compressed oops)
# Failed to write core dump. Minidumps are not enabled by default on client versions of Windows
#

---------------  T H R E A D  ---------------

Current thread (0x000000001512e000):  JavaThread "C2 CompilerThread0" daemon [_thread_in_native, id=9496, stack(0x0000000016680000,0x0000000016780000)]

Stack: [0x0000000016680000,0x0000000016780000]
[error occurred during error reporting (printing stack bounds), id 0xc0000005]

Native frames: (J=compiled Java code, j=interpreted, Vv=VM code, C=native code)


Current CompileTask:
C2:  12526  934       4       com.android.dx.ssa.back.LivenessAnalyzer::handleTailRecursion (94 bytes)


---------------  P R O C E S S  ---------------

Java Threads: ( => current thread )
  0x0000000016ac7000 JavaThread "pool-1-thread-4" [_thread_blocked, id=5048, stack(0x0000000017380000,0x0000000017480000)]
  0x0000000016ac6000 JavaThread "pool-1-thread-3" [_thread_blocked, id=7316, stack(0x0000000017280000,0x0000000017380000)]
  0x0000000016acd800 JavaThread "pool-1-thread-2" [_thread_blocked, id=8952, stack(0x0000000017180000,0x0000000017280000)]
  0x0000000016ac3800 JavaThread "pool-2-thread-1" [_thread_blocked, id=1296, stack(0x0000000017080000,0x0000000017180000)]
  0x0000000016abe000 JavaThread "pool-1-thread-1" [_thread_blocked, id=4968, stack(0x0000000016f80000,0x0000000017080000)]
  0x0000000016983800 JavaThread "Service Thread" daemon [_thread_blocked, id=8072, stack(0x0000000016d80000,0x0000000016e80000)]
  0x000000001518a000 JavaThread "C1 CompilerThread2" daemon [_thread_blocked, id=4872, stack(0x0000000016880000,0x0000000016980000)]
  0x0000000015187000 JavaThread "C2 CompilerThread1" daemon [_thread_blocked, id=10432, stack(0x0000000016780000,0x0000000016880000)]
=>0x000000001512e000 JavaThread "C2 CompilerThread0" daemon [_thread_in_native, id=9496, stack(0x0000000016680000,0x0000000016780000)]
  0x000000001512c000 JavaThread "Attach Listener" daemon [_thread_blocked, id=320, stack(0x0000000016580000,0x0000000016680000)]
  0x000000001512b000 JavaThread "Signal Dispatcher" daemon [_thread_blocked, id=5188, stack(0x0000000016480000,0x0000000016580000)]
  0x0000000002a57000 JavaThread "Finalizer" daemon [_thread_blocked, id=700, stack(0x0000000016380000,0x0000000016480000)]
  0x0000000002a4e000 JavaThread "Reference Handler" daemon [_thread_blocked, id=1064, stack(0x0000000016280000,0x0000000016380000)]
  0x000000000295e000 JavaThread "main" [_thread_in_Java, id=7640, stack(0x0000000002770000,0x0000000002870000)]

Other Threads:
  0x00000000150f8000 VMThread [stack: 0x0000000016180000,0x0000000016280000] [id=12400]
  0x00000000169ac000 WatcherThread [stack: 0x0000000016e80000,0x0000000016f80000] [id=4364]

VM state:not at safepoint (normal execution)

VM Mutex/Monitor currently owned by a thread: None

Heap:
 PSYoungGen      total 18944K, used 7499K [0x00000000eab00000, 0x00000000ec000000, 0x0000000100000000)
  eden space 16384K, 30% used [0x00000000eab00000,0x00000000eafd4558,0x00000000ebb00000)
  from space 2560K, 99% used [0x00000000ebb00000,0x00000000ebd7e988,0x00000000ebd80000)
  to   space 2560K, 0% used [0x00000000ebd80000,0x00000000ebd80000,0x00000000ec000000)
 ParOldGen       total 44032K, used 2014K [0x00000000c0000000, 0x00000000c2b00000, 0x00000000eab00000)
  object space 44032K, 4% used [0x00000000c0000000,0x00000000c01f7bb0,0x00000000c2b00000)
 Metaspace       used 5729K, capacity 6768K, committed 7040K, reserved 1056768K
  class space    used 591K, capacity 616K, committed 640K, reserved 1048576K

Card table byte_map: [0x0000000011e20000,0x0000000012030000] byte_map_base: 0x0000000011820000

Marking Bits: (ParMarkBitMap*) 0x0000000056e9a5b0
 Begin Bits: [0x0000000012590000, 0x0000000013590000)
 End Bits:   [0x0000000013590000, 0x0000000014590000)

Polling page: 0x0000000002690000

CodeCache: size=245760Kb used=3567Kb max_used=3580Kb free=242192Kb
 bounds [0x0000000002a60000, 0x0000000002df0000, 0x0000000011a60000]
 total_blobs=1194 nmethods=925 adapters=182
 compilation: enabled

Compilation events (10 events):
Event: 12.484 Thread 0x000000001518a000 nmethod 896 0x0000000002ddb450 code [0x0000000002ddb5a0, 0x0000000002ddb6b0]
Event: 12.485 Thread 0x000000001518a000  899       1       com.android.dx.rop.annotation.NameValuePair::getValue (5 bytes)
Event: 12.485 Thread 0x000000001518a000 nmethod 899 0x0000000002ddb710 code [0x0000000002ddb860, 0x0000000002ddb970]
Event: 12.485 Thread 0x000000001518a000  901       1       com.android.dx.rop.code.ThrowingInsn::getCatches (5 bytes)
Event: 12.485 Thread 0x000000001518a000 nmethod 901 0x0000000002ddb9d0 code [0x0000000002ddbb20, 0x0000000002ddbc30]
Event: 12.485 Thread 0x000000001518a000  838       1       sun.util.calendar.CalendarDate::getMonth (5 bytes)
Event: 12.485 Thread 0x000000001518a000 nmethod 838 0x0000000002ddbc90 code [0x0000000002ddbde0, 0x0000000002ddbef0]
Event: 12.488 Thread 0x0000000015187000 nmethod 931 0x0000000002ddf610 code [0x0000000002ddf7c0, 0x0000000002de0238]
Event: 12.488 Thread 0x0000000015187000  935       4       com.android.dx.dex.code.DalvInsn::<init> (67 bytes)
Event: 12.490 Thread 0x0000000015187000 nmethod 935 0x0000000002ddc610 code [0x0000000002ddc740, 0x0000000002ddc838]

GC Heap History (2 events):
Event: 12.028 GC heap before
{Heap before GC invocations=1 (full 0):
 PSYoungGen      total 18944K, used 16384K [0x00000000eab00000, 0x00000000ec000000, 0x0000000100000000)
  eden space 16384K, 100% used [0x00000000eab00000,0x00000000ebb00000,0x00000000ebb00000)
  from space 2560K, 0% used [0x00000000ebd80000,0x00000000ebd80000,0x00000000ec000000)
  to   space 2560K, 0% used [0x00000000ebb00000,0x00000000ebb00000,0x00000000ebd80000)
 ParOldGen       total 44032K, used 0K [0x00000000c0000000, 0x00000000c2b00000, 0x00000000eab00000)
  object space 44032K, 0% used [0x00000000c0000000,0x00000000c0000000,0x00000000c2b00000)
 Metaspace       used 5671K, capacity 6768K, committed 7040K, reserved 1056768K
  class space    used 591K, capacity 616K, committed 640K, reserved 1048576K
Event: 12.368 GC heap after
Heap after GC invocations=1 (full 0):
 PSYoungGen      total 18944K, used 2554K [0x00000000eab00000, 0x00000000ec000000, 0x0000000100000000)
  eden space 16384K, 0% used [0x00000000eab00000,0x00000000eab00000,0x00000000ebb00000)
  from space 2560K, 99% used [0x00000000ebb00000,0x00000000ebd7e988,0x00000000ebd80000)
  to   space 2560K, 0% used [0x00000000ebd80000,0x00000000ebd80000,0x00000000ec000000)
 ParOldGen       total 44032K, used 2014K [0x00000000c0000000, 0x00000000c2b00000, 0x00000000eab00000)
  object space 44032K, 4% used [0x00000000c0000000,0x00000000c01f7bb0,0x00000000c2b00000)
 Metaspace       used 5671K, capacity 6768K, committed 7040K, reserved 1056768K
  class space    used 591K, capacity 616K, committed 640K, reserved 1048576K
}

Deoptimization events (4 events):
Event: 11.334 Thread 0x0000000016ac6000 Uncommon trap: reason=class_check action=maybe_recompile pc=0x0000000002c7b430 method=com.android.dx.ssa.NormalSsaInsn.accept(Lcom/android/dx/ssa/SsaInsn$Visitor;)V @ 9
Event: 11.341 Thread 0x0000000016acd800 Uncommon trap: reason=class_check action=maybe_recompile pc=0x0000000002c7b430 method=com.android.dx.ssa.NormalSsaInsn.accept(Lcom/android/dx/ssa/SsaInsn$Visitor;)V @ 9
Event: 11.534 Thread 0x000000000295e000 Uncommon trap: reason=class_check action=maybe_recompile pc=0x0000000002c7b430 method=com.android.dx.ssa.NormalSsaInsn.accept(Lcom/android/dx/ssa/SsaInsn$Visitor;)V @ 9
Event: 11.580 Thread 0x000000000295e000 Uncommon trap: reason=unstable_if action=reinterpret pc=0x0000000002caf968 method=java.lang.String.<init>([CII)V @ 18

Internal exceptions (2 events):
Event: 3.788 Thread 0x000000000295e000 Exception <a 'java/lang/NoSuchMethodError': Method sun.misc.Unsafe.defineClass(Ljava/lang/String;[BII)Ljava/lang/Class; name or signature does not match> (0x00000000eab0dde0) thrown at [C:\workspace\8-2-build-windows-amd64-cygwin\jdk8u65\4987\hotspot\src\sòiÊƒN@
Event: 3.788 Thread 0x000000000295e000 Exception <a 'java/lang/NoSuchMethodError': Method sun.misc.Unsafe.prefetchRead(Ljava/lang/Object;J)V name or signature does not match> (0x00000000eab0e0c8) thrown at [C:\workspace\8-2-build-windows-amd64-cygwin\jdk8u65\4987\hotspot\src\share\vm\prims\jni.

Events (10 events):
Event: 11.581 loading class com/android/dx/cf/attrib/AttConstantValue
Event: 11.581 loading class com/android/dx/cf/attrib/AttConstantValue done
Event: 11.774 loading class com/android/dx/cf/code/Ropper$ExceptionHandlerSetup
Event: 11.774 loading class com/android/dx/cf/code/Ropper$ExceptionHandlerSetup done
Event: 11.779 loading class java/util/HashMap$Values
Event: 11.780 loading class java/util/HashMap$Values done
Event: 11.780 loading class java/util/HashMap$ValueIterator
Event: 11.781 loading class java/util/HashMap$ValueIterator done
Event: 11.892 Executing VM operation: ParallelGCFailedAllocation
Event: 12.368 Executing VM operation: ParallelGCFailedAllocation done


Dynamic libraries:
0x00007ff77bfe0000 - 0x00007ff77c017000 	C:\Program Files\Java\jdk1.8.0_65\bin\java.exe
0x00007ff8e6020000 - 0x00007ff8e61cd000 	C:\Windows\SYSTEM32\ntdll.dll
0x00007ff8e49a0000 - 0x00007ff8e4ade000 	C:\Windows\system32\KERNEL32.DLL
0x00007ff8e5fc0000 - 0x00007ff8e6014000 	C:\Program Files (x86)\AVG\Av\avghooka.dll
0x00007ff8e2210000 - 0x00007ff8e2325000 	C:\Windows\system32\KERNELBASE.dll
0x00007ff8e0a70000 - 0x00007ff8e0afe000 	C:\Windows\system32\apphelp.dll
0x00007ff8d95c0000 - 0x00007ff8d9613000 	C:\Windows\AppPatch\AppPatch64\AcGenral.DLL
0x00007ff8e48f0000 - 0x00007ff8e499a000 	C:\Windows\system32\msvcrt.dll
0x00007ff8e1ef0000 - 0x00007ff8e1f1e000 	C:\Windows\system32\SspiCli.dll
0x00007ff8e4520000 - 0x00007ff8e4574000 	C:\Windows\system32\SHLWAPI.dll
0x00007ff8e2580000 - 0x00007ff8e26f7000 	C:\Windows\system32\USER32.dll
0x00007ff8e2380000 - 0x00007ff8e2514000 	C:\Windows\system32\ole32.dll
0x00007ff8e2700000 - 0x00007ff8e3c28000 	C:\Windows\system32\SHELL32.dll
0x00007ff8e13b0000 - 0x00007ff8e13d1000 	C:\Windows\SYSTEM32\USERENV.dll
0x00007ff8e3c30000 - 0x00007ff8e3cda000 	C:\Windows\system32\ADVAPI32.dll
0x00007ff8d3d50000 - 0x00007ff8d3d6e000 	C:\Windows\SYSTEM32\MPR.dll
0x00007ff8e4580000 - 0x00007ff8e46c0000 	C:\Windows\system32\RPCRT4.dll
0x00007ff8e3ce0000 - 0x00007ff8e3d39000 	C:\Windows\SYSTEM32\sechost.dll
0x00007ff8e46c0000 - 0x00007ff8e48d1000 	C:\Windows\SYSTEM32\combase.dll
0x00007ff8e4180000 - 0x00007ff8e42cf000 	C:\Windows\system32\GDI32.dll
0x00007ff8e1e20000 - 0x00007ff8e1e35000 	C:\Windows\SYSTEM32\profapi.dll
0x00007ff8e0270000 - 0x00007ff8e0322000 	C:\Windows\SYSTEM32\SHCORE.dll
0x00007ff8e42d0000 - 0x00007ff8e4306000 	C:\Windows\system32\IMM32.DLL
0x00007ff8e3f50000 - 0x00007ff8e40a2000 	C:\Windows\system32\MSCTF.dll
0x00007ff8dfdf0000 - 0x00007ff8e006b000 	C:\Windows\WinSxS\amd64_microsoft.windows.common-controls_6595b64144ccf1df_6.0.9600.18006_none_623f33d3ecbe86e8\COMCTL32.dll
0x0000000057a90000 - 0x0000000057b62000 	C:\Program Files\Java\jdk1.8.0_65\jre\bin\msvcr100.dll
0x0000000056690000 - 0x0000000056f19000 	C:\Program Files\Java\jdk1.8.0_65\jre\bin\server\jvm.dll
0x00007ff8d3b20000 - 0x00007ff8d3b29000 	C:\Windows\SYSTEM32\WSOCK32.dll
0x00007ff8e5ac0000 - 0x00007ff8e5ae2000 	C:\Windows\SYSTEM32\WINMM.dll
0x00007ff8d85c0000 - 0x00007ff8d85ca000 	C:\Windows\SYSTEM32\VERSION.dll
0x00007ff8e48e0000 - 0x00007ff8e48e7000 	C:\Windows\system32\PSAPI.DLL
0x00007ff8e4ae0000 - 0x00007ff8e4b3a000 	C:\Windows\system32\WS2_32.dll
0x00007ff8e5980000 - 0x00007ff8e59aa000 	C:\Windows\SYSTEM32\WINMMBASE.dll
0x00007ff8e4510000 - 0x00007ff8e4519000 	C:\Windows\system32\NSI.dll
0x00007ff8e2330000 - 0x00007ff8e237f000 	C:\Windows\SYSTEM32\cfgmgr32.dll
0x00007ff8e0c50000 - 0x00007ff8e0c78000 	C:\Windows\SYSTEM32\DEVOBJ.dll
0x0000000057a80000 - 0x0000000057a8f000 	C:\Program Files\Java\jdk1.8.0_65\jre\bin\verify.dll
0x00000000577b0000 - 0x00000000577d9000 	C:\Program Files\Java\jdk1.8.0_65\jre\bin\java.dll
0x0000000057790000 - 0x00000000577a6000 	C:\Program Files\Java\jdk1.8.0_65\jre\bin\zip.dll

VM Arguments:
jvm_args: -Djava.awt.headless=true -Xmx1024M -Dfile.encoding=windows-1252 -Duser.country=US -Duser.language=en -Duser.variant 
java_command: com.android.dx.command.Main --dex --num-threads=4 --output D:\Setup-Software\Git\KiboEngageMobile\android\app\build\intermediates\pre-dexed\debug\com.facebook.fresco-imagepipeline-base-0.11.0_0cf881779369687b88ca23065e0464fe32447703.jar D:\Setup-Software\Git\KiboEngageMobile\android\app\build\intermediates\exploded-aar\com.facebook.fresco\imagepipeline-base\0.11.0\jars\classes.jar
java_class_path (initial): D:\sdk\build-tools\23.0.1\lib\dx.jar
Launcher Type: SUN_STANDARD

Environment Variables:
JAVA_HOME=C:\Program Files\Java\jdk1.8.0_65
CLASSPATH=D:\Setup-Software\Git\KiboEngageMobile\android\\gradle\wrapper\gradle-wrapper.jar
PATH=D:\Setup-Software\Git\cmd;C:\Python35\Lib\site-packages\PyQt5;C:\ProgramData\Oracle\Java\javapath;D:\Setup-Software\Rtools\bin;D:\Setup-Software\Rtools\gcc-4.6.3\bin;C:\Program Files (x86)\Intel\iCLS Client\;C:\Program Files\Intel\iCLS Client\;C:\Windows\system32;C:\Windows;C:\Windows\System32\Wbem;C:\Windows\System32\WindowsPowerShell\v1.0\;C:\Program Files\Intel\Intel(R) Management Engine Components\DAL;C:\Program Files\Intel\Intel(R) Management Engine Components\IPT;C:\Program Files (x86)\Intel\Intel(R) Management Engine Components\DAL;C:\Program Files (x86)\Intel\Intel(R) Management Engine Components\IPT;C:\Program Files (x86)\Microsoft SQL Server\100\Tools\Binn\;C:\Program Files\Microsoft SQL Server\100\Tools\Binn\;C:\Program Files\Microsoft SQL Server\100\DTS\Binn\;C:\Program Files\Microsoft\Web Platform Installer\;C:\Program Files (x86)\Microsoft ASP.NET\ASP.NET Web Pages\v1.0\;C:\Program Files (x86)\Windows Kits\8.0\Windows Performance Toolkit\;C:\Program Files\Microsoft SQL Server\110\Tools\Binn\;C:\Program Files\nodejs\;C:\Program Files (x86)\Skype\Phone\;D:\Matlab\runtime\win64;D:\Matlab\bin;C:\openblas;C:\Program Files\MiKTeX 2.9\miktex\bin\x64\;C:\Program Files\Git LFS;D:\Anaconda2;D:\Anaconda2\Scripts;D:\Anaconda2\Library\bin;C:\Users\Zarmeen\AppData\Roaming\npm;D:\wget;D:\7-Zip;D:\apache-maven-3.3.9-bin\apache-maven-3.3.9\bin;C:\Program Files\Java\jdk1.8.0_65\bin;C:\Program Files\Java\jre1.8.0_65\bin;D:\sdk\platform-tools
USERNAME=Zarmeen
OS=Windows_NT
PROCESSOR_IDENTIFIER=Intel64 Family 6 Model 69 Stepping 1, GenuineIntel



---------------  S Y S T E M  ---------------

OS: Windows 8.1 , 64 bit Build 9600 (6.3.9600.17415)

CPU:total 4 (2 cores per cpu, 2 threads per core) family 6 model 69 stepping 1, cmov, cx8, fxsr, mmx, sse, sse2, sse3, ssse3, sse4.1, sse4.2, popcnt, avx, avx2, aes, clmul, erms, lzcnt, ht, tsc, tscinvbit, bmi1, bmi2

Memory: 4k page, physical 4114584k(398248k free), swap 7260312k(5544k free)

vm_info: Java HotSpot(TM) 64-Bit Server VM (25.65-b01) for windows-amd64 JRE (1.8.0_65-b17), built on Oct  6 2015 16:39:20 by "java_re" with MS VC++ 10.0 (VS2010)

time: Wed Mar 15 00:55:09 2017
elapsed time: 12 seconds (0d 0h 0m 12s)

