#
# There is insufficient memory for the Java Runtime Environment to continue.
# Native memory allocation (malloc) failed to allocate 532096 bytes for Chunk::new
# Possible reasons:
#   The system is out of physical RAM or swap space
#   In 32 bit mode, the process size limit was hit
# Possible solutions:
#   Reduce memory load on the system
#   Increase physical memory or swap space
#   Check if swap backing store is full
#   Use 64 bit Java on a 64 bit OS
#   Decrease Java heap size (-Xmx/-Xms)
#   Decrease number of Java threads
#   Decrease Java thread stack sizes (-Xss)
#   Set larger code cache with -XX:ReservedCodeCacheSize=
# This output file may be truncated or incomplete.
#
#  Out of Memory Error (allocation.cpp:390), pid=11320, tid=6868
#
# JRE version: Java(TM) SE Runtime Environment (8.0_65-b17) (build 1.8.0_65-b17)
# Java VM: Java HotSpot(TM) 64-Bit Server VM (25.65-b01 mixed mode windows-amd64 compressed oops)
# Failed to write core dump. Minidumps are not enabled by default on client versions of Windows
#

---------------  T H R E A D  ---------------

Current thread (0x0000000014dde000):  JavaThread "C2 CompilerThread0" daemon [_thread_in_native, id=6868, stack(0x0000000016420000,0x0000000016520000)]

Stack: [0x0000000016420000,0x0000000016520000]
[error occurred during error reporting (printing stack bounds), id 0xc0000005]

Native frames: (J=compiled Java code, j=interpreted, Vv=VM code, C=native code)


Current CompileTask:
C2:  11957 1095   !   4       com.android.dx.cf.cst.ConstantPoolParser::parse0 (731 bytes)


---------------  P R O C E S S  ---------------

Java Threads: ( => current thread )
  0x00000000169af000 JavaThread "pool-1-thread-4" [_thread_in_Java, id=5408, stack(0x0000000017120000,0x0000000017220000)]
  0x00000000169ab000 JavaThread "pool-1-thread-3" [_thread_in_Java, id=12164, stack(0x0000000017020000,0x0000000017120000)]
  0x00000000169a6000 JavaThread "pool-1-thread-2" [_thread_in_Java, id=3248, stack(0x0000000016f20000,0x0000000017020000)]
  0x00000000169a3800 JavaThread "pool-2-thread-1" [_thread_blocked, id=6360, stack(0x0000000016e20000,0x0000000016f20000)]
  0x000000001698a000 JavaThread "pool-1-thread-1" [_thread_in_Java, id=8264, stack(0x0000000016d20000,0x0000000016e20000)]
  0x0000000016723800 JavaThread "Service Thread" daemon [_thread_blocked, id=10512, stack(0x0000000016b20000,0x0000000016c20000)]
  0x0000000014e3a000 JavaThread "C1 CompilerThread2" daemon [_thread_in_native, id=1104, stack(0x0000000016620000,0x0000000016720000)]
  0x0000000014e37800 JavaThread "C2 CompilerThread1" daemon [_thread_in_native, id=11492, stack(0x0000000016520000,0x0000000016620000)]
=>0x0000000014dde000 JavaThread "C2 CompilerThread0" daemon [_thread_in_native, id=6868, stack(0x0000000016420000,0x0000000016520000)]
  0x0000000014ddc000 JavaThread "Attach Listener" daemon [_thread_blocked, id=648, stack(0x0000000016320000,0x0000000016420000)]
  0x0000000014ddb000 JavaThread "Signal Dispatcher" daemon [_thread_blocked, id=12152, stack(0x0000000016220000,0x0000000016320000)]
  0x0000000002707000 JavaThread "Finalizer" daemon [_thread_blocked, id=13052, stack(0x0000000016040000,0x0000000016140000)]
  0x00000000026fe000 JavaThread "Reference Handler" daemon [_thread_blocked, id=12124, stack(0x0000000015f40000,0x0000000016040000)]
  0x0000000000cbe000 JavaThread "main" [_thread_in_Java, id=7196, stack(0x0000000002450000,0x0000000002550000)]

Other Threads:
  0x0000000014da8000 VMThread [stack: 0x0000000015e40000,0x0000000015f40000] [id=7080]
  0x000000001672b000 WatcherThread [stack: 0x0000000016c20000,0x0000000016d20000] [id=5744]

VM state:not at safepoint (normal execution)

VM Mutex/Monitor currently owned by a thread: None

Heap:
 PSYoungGen      total 18944K, used 11188K [0x00000000eab00000, 0x00000000ed000000, 0x0000000100000000)
  eden space 16384K, 52% used [0x00000000eab00000,0x00000000eb36e580,0x00000000ebb00000)
  from space 2560K, 99% used [0x00000000ebb00000,0x00000000ebd7ead8,0x00000000ebd80000)
  to   space 2560K, 0% used [0x00000000ecd80000,0x00000000ecd80000,0x00000000ed000000)
 ParOldGen       total 44032K, used 1840K [0x00000000c0000000, 0x00000000c2b00000, 0x00000000eab00000)
  object space 44032K, 4% used [0x00000000c0000000,0x00000000c01cc0f0,0x00000000c2b00000)
 Metaspace       used 5839K, capacity 6832K, committed 7040K, reserved 1056768K
  class space    used 595K, capacity 616K, committed 640K, reserved 1048576K

Card table byte_map: [0x0000000011ad0000,0x0000000011ce0000] byte_map_base: 0x00000000114d0000

Marking Bits: (ParMarkBitMap*) 0x0000000056e9a5b0
 Begin Bits: [0x0000000012240000, 0x0000000013240000)
 End Bits:   [0x0000000013240000, 0x0000000014240000)

Polling page: 0x0000000000cc0000

CodeCache: size=245760Kb used=4415Kb max_used=4415Kb free=241344Kb
 bounds [0x0000000002710000, 0x0000000002b70000, 0x0000000011710000]
 total_blobs=1386 nmethods=1117 adapters=182
 compilation: enabled

Compilation events (10 events):
Event: 11.945 Thread 0x0000000014e3a000 nmethod 1112 0x0000000002b55ad0 code [0x0000000002b55d20, 0x0000000002b56b58]
Event: 11.945 Thread 0x0000000014e3a000 1113       3       com.android.dx.rop.type.Type::isIntlike (56 bytes)
Event: 11.945 Thread 0x0000000014e3a000 nmethod 1113 0x0000000002b571d0 code [0x0000000002b57320, 0x0000000002b574b0]
Event: 11.945 Thread 0x0000000014e3a000 1114       3       com.android.dx.ssa.LocalVariableInfo::getStarts (19 bytes)
Event: 11.946 Thread 0x0000000014e3a000 nmethod 1114 0x0000000002b57550 code [0x0000000002b576e0, 0x0000000002b57a08]
Event: 11.946 Thread 0x0000000014e3a000 1117       3       com.android.dx.rop.code.LocalItem::compareTo (9 bytes)
Event: 11.947 Thread 0x0000000014e3a000 nmethod 1117 0x0000000002b57c10 code [0x0000000002b57dc0, 0x0000000002b58498]
Event: 11.947 Thread 0x0000000014e3a000 1110       3       com.android.dx.rop.cst.CstArray$List::get (9 bytes)
Event: 11.947 Thread 0x0000000014e3a000 nmethod 1110 0x0000000002b58710 code [0x0000000002b58880, 0x0000000002b58b68]
Event: 11.947 Thread 0x0000000014e3a000 1119       3       com.android.dx.dex.file.OffsettedItem::<init> (44 bytes)

GC Heap History (2 events):
Event: 11.253 GC heap before
{Heap before GC invocations=1 (full 0):
 PSYoungGen      total 18944K, used 16384K [0x00000000eab00000, 0x00000000ec000000, 0x0000000100000000)
  eden space 16384K, 100% used [0x00000000eab00000,0x00000000ebb00000,0x00000000ebb00000)
  from space 2560K, 0% used [0x00000000ebd80000,0x00000000ebd80000,0x00000000ec000000)
  to   space 2560K, 0% used [0x00000000ebb00000,0x00000000ebb00000,0x00000000ebd80000)
 ParOldGen       total 44032K, used 0K [0x00000000c0000000, 0x00000000c2b00000, 0x00000000eab00000)
  object space 44032K, 0% used [0x00000000c0000000,0x00000000c0000000,0x00000000c2b00000)
 Metaspace       used 5714K, capacity 6768K, committed 7040K, reserved 1056768K
  class space    used 594K, capacity 616K, committed 640K, reserved 1048576K
Event: 11.448 GC heap after
Heap after GC invocations=1 (full 0):
 PSYoungGen      total 18944K, used 2554K [0x00000000eab00000, 0x00000000ed000000, 0x0000000100000000)
  eden space 16384K, 0% used [0x00000000eab00000,0x00000000eab00000,0x00000000ebb00000)
  from space 2560K, 99% used [0x00000000ebb00000,0x00000000ebd7ead8,0x00000000ebd80000)
  to   space 2560K, 0% used [0x00000000ecd80000,0x00000000ecd80000,0x00000000ed000000)
 ParOldGen       total 44032K, used 1840K [0x00000000c0000000, 0x00000000c2b00000, 0x00000000eab00000)
  object space 44032K, 4% used [0x00000000c0000000,0x00000000c01cc0f0,0x00000000c2b00000)
 Metaspace       used 5714K, capacity 6768K, committed 7040K, reserved 1056768K
  class space    used 594K, capacity 616K, committed 640K, reserved 1048576K
}

Deoptimization events (5 events):
Event: 10.899 Thread 0x000000001698a000 Uncommon trap: reason=class_check action=maybe_recompile pc=0x00000000029c6570 method=com.android.dx.ssa.NormalSsaInsn.accept(Lcom/android/dx/ssa/SsaInsn$Visitor;)V @ 9
Event: 10.915 Thread 0x00000000169ab000 Uncommon trap: reason=class_check action=maybe_recompile pc=0x00000000029c6570 method=com.android.dx.ssa.NormalSsaInsn.accept(Lcom/android/dx/ssa/SsaInsn$Visitor;)V @ 9
Event: 10.915 Thread 0x00000000169ab000 Uncommon trap: reason=class_check action=maybe_recompile pc=0x00000000029ac8b0 method=com.android.dx.ssa.NormalSsaInsn.accept(Lcom/android/dx/ssa/SsaInsn$Visitor;)V @ 9
Event: 10.919 Thread 0x0000000000cbe000 Uncommon trap: reason=class_check action=maybe_recompile pc=0x00000000029c6570 method=com.android.dx.ssa.NormalSsaInsn.accept(Lcom/android/dx/ssa/SsaInsn$Visitor;)V @ 9
Event: 10.919 Thread 0x0000000000cbe000 Uncommon trap: reason=class_check action=maybe_recompile pc=0x00000000029ac8b0 method=com.android.dx.ssa.NormalSsaInsn.accept(Lcom/android/dx/ssa/SsaInsn$Visitor;)V @ 9

Internal exceptions (3 events):
Event: 1.058 Thread 0x0000000000cbe000 Exception <a 'java/lang/NoSuchMethodError': Method sun.misc.Unsafe.defineClass(Ljava/lang/String;[BII)Ljava/lang/Class; name or signature does not match> (0x00000000eab0db18) thrown at [C:\workspace\8-2-build-windows-amd64-cygwin\jdk8u65\4987\hotspot\src\s˜Íyçóìð?
Event: 1.058 Thread 0x0000000000cbe000 Exception <a 'java/lang/NoSuchMethodError': Method sun.misc.Unsafe.prefetchRead(Ljava/lang/Object;J)V name or signature does not match> (0x00000000eab0de00) thrown at [C:\workspace\8-2-build-windows-amd64-cygwin\jdk8u65\4987\hotspot\src\share\vm\prims\jni.€Ìg©¢>'@
Event: 11.622 Thread 0x00000000169ab000 Implicit null exception at 0x0000000002a90d14 to 0x0000000002a92301

Events (10 events):
Event: 10.919 Thread 0x0000000000cbe000 DEOPT PACKING pc=0x00000000029ac8b0 sp=0x000000000254df60
Event: 10.919 Thread 0x0000000000cbe000 DEOPT UNPACKING pc=0x000000000275582a sp=0x000000000254df00 mode 2
Event: 11.020 Executing VM operation: ForceSafepoint
Event: 11.091 Executing VM operation: ForceSafepoint done
Event: 11.177 loading class com/android/dx/cf/code/SwitchList
Event: 11.177 loading class com/android/dx/cf/code/SwitchList done
Event: 11.180 Executing VM operation: ParallelGCFailedAllocation
Event: 11.448 Executing VM operation: ParallelGCFailedAllocation done
Event: 11.538 loading class com/android/dx/cf/attrib/AttDeprecated
Event: 11.538 loading class com/android/dx/cf/attrib/AttDeprecated done


Dynamic libraries:
0x00007ff77bfe0000 - 0x00007ff77c017000 	C:\Program Files\Java\jdk1.8.0_65\bin\java.exe
0x00007ff8e6020000 - 0x00007ff8e61cd000 	C:\Windows\SYSTEM32\ntdll.dll
0x00007ff8e49a0000 - 0x00007ff8e4ade000 	C:\Windows\system32\KERNEL32.DLL
0x00007ff8e5fc0000 - 0x00007ff8e6014000 	C:\Program Files (x86)\AVG\Av\avghooka.dll
0x00007ff8e2210000 - 0x00007ff8e2325000 	C:\Windows\system32\KERNELBASE.dll
0x00007ff8e0a70000 - 0x00007ff8e0afe000 	C:\Windows\system32\apphelp.dll
0x00007ff8d95c0000 - 0x00007ff8d9613000 	C:\Windows\AppPatch\AppPatch64\AcGenral.DLL
0x00007ff8e48f0000 - 0x00007ff8e499a000 	C:\Windows\system32\msvcrt.dll
0x00007ff8e1ef0000 - 0x00007ff8e1f1e000 	C:\Windows\system32\SspiCli.dll
0x00007ff8e4520000 - 0x00007ff8e4574000 	C:\Windows\system32\SHLWAPI.dll
0x00007ff8e2580000 - 0x00007ff8e26f7000 	C:\Windows\system32\USER32.dll
0x00007ff8e2380000 - 0x00007ff8e2514000 	C:\Windows\system32\ole32.dll
0x00007ff8e2700000 - 0x00007ff8e3c28000 	C:\Windows\system32\SHELL32.dll
0x00007ff8e13b0000 - 0x00007ff8e13d1000 	C:\Windows\SYSTEM32\USERENV.dll
0x00007ff8e3c30000 - 0x00007ff8e3cda000 	C:\Windows\system32\ADVAPI32.dll
0x00007ff8d3d50000 - 0x00007ff8d3d6e000 	C:\Windows\SYSTEM32\MPR.dll
0x00007ff8e4580000 - 0x00007ff8e46c0000 	C:\Windows\system32\RPCRT4.dll
0x00007ff8e3ce0000 - 0x00007ff8e3d39000 	C:\Windows\SYSTEM32\sechost.dll
0x00007ff8e46c0000 - 0x00007ff8e48d1000 	C:\Windows\SYSTEM32\combase.dll
0x00007ff8e4180000 - 0x00007ff8e42cf000 	C:\Windows\system32\GDI32.dll
0x00007ff8e1e20000 - 0x00007ff8e1e35000 	C:\Windows\SYSTEM32\profapi.dll
0x00007ff8e0270000 - 0x00007ff8e0322000 	C:\Windows\SYSTEM32\SHCORE.dll
0x00007ff8e42d0000 - 0x00007ff8e4306000 	C:\Windows\system32\IMM32.DLL
0x00007ff8e3f50000 - 0x00007ff8e40a2000 	C:\Windows\system32\MSCTF.dll
0x00007ff8dfdf0000 - 0x00007ff8e006b000 	C:\Windows\WinSxS\amd64_microsoft.windows.common-controls_6595b64144ccf1df_6.0.9600.18006_none_623f33d3ecbe86e8\COMCTL32.dll
0x0000000057a90000 - 0x0000000057b62000 	C:\Program Files\Java\jdk1.8.0_65\jre\bin\msvcr100.dll
0x0000000056690000 - 0x0000000056f19000 	C:\Program Files\Java\jdk1.8.0_65\jre\bin\server\jvm.dll
0x00007ff8d3b20000 - 0x00007ff8d3b29000 	C:\Windows\SYSTEM32\WSOCK32.dll
0x00007ff8e5ac0000 - 0x00007ff8e5ae2000 	C:\Windows\SYSTEM32\WINMM.dll
0x00007ff8d85c0000 - 0x00007ff8d85ca000 	C:\Windows\SYSTEM32\VERSION.dll
0x00007ff8e48e0000 - 0x00007ff8e48e7000 	C:\Windows\system32\PSAPI.DLL
0x00007ff8e4ae0000 - 0x00007ff8e4b3a000 	C:\Windows\system32\WS2_32.dll
0x00007ff8e5980000 - 0x00007ff8e59aa000 	C:\Windows\SYSTEM32\WINMMBASE.dll
0x00007ff8e4510000 - 0x00007ff8e4519000 	C:\Windows\system32\NSI.dll
0x00007ff8e2330000 - 0x00007ff8e237f000 	C:\Windows\SYSTEM32\cfgmgr32.dll
0x00007ff8e0c50000 - 0x00007ff8e0c78000 	C:\Windows\SYSTEM32\DEVOBJ.dll
0x0000000057a80000 - 0x0000000057a8f000 	C:\Program Files\Java\jdk1.8.0_65\jre\bin\verify.dll
0x00000000577b0000 - 0x00000000577d9000 	C:\Program Files\Java\jdk1.8.0_65\jre\bin\java.dll
0x0000000057790000 - 0x00000000577a6000 	C:\Program Files\Java\jdk1.8.0_65\jre\bin\zip.dll

VM Arguments:
jvm_args: -Djava.awt.headless=true -Xmx1024M -Dfile.encoding=windows-1252 -Duser.country=US -Duser.language=en -Duser.variant 
java_command: com.android.dx.command.Main --dex --num-threads=4 --output D:\Setup-Software\Git\KiboEngageMobile\android\app\build\intermediates\pre-dexed\debug\com.facebook.fresco-imagepipeline-0.11.0_1ba93660e0a2d1112e9932d794b19f610151d882.jar D:\Setup-Software\Git\KiboEngageMobile\android\app\build\intermediates\exploded-aar\com.facebook.fresco\imagepipeline\0.11.0\jars\classes.jar
java_class_path (initial): D:\sdk\build-tools\23.0.1\lib\dx.jar
Launcher Type: SUN_STANDARD

Environment Variables:
JAVA_HOME=C:\Program Files\Java\jdk1.8.0_65
CLASSPATH=D:\Setup-Software\Git\KiboEngageMobile\android\\gradle\wrapper\gradle-wrapper.jar
PATH=D:\Setup-Software\Git\cmd;C:\Python35\Lib\site-packages\PyQt5;C:\ProgramData\Oracle\Java\javapath;D:\Setup-Software\Rtools\bin;D:\Setup-Software\Rtools\gcc-4.6.3\bin;C:\Program Files (x86)\Intel\iCLS Client\;C:\Program Files\Intel\iCLS Client\;C:\Windows\system32;C:\Windows;C:\Windows\System32\Wbem;C:\Windows\System32\WindowsPowerShell\v1.0\;C:\Program Files\Intel\Intel(R) Management Engine Components\DAL;C:\Program Files\Intel\Intel(R) Management Engine Components\IPT;C:\Program Files (x86)\Intel\Intel(R) Management Engine Components\DAL;C:\Program Files (x86)\Intel\Intel(R) Management Engine Components\IPT;C:\Program Files (x86)\Microsoft SQL Server\100\Tools\Binn\;C:\Program Files\Microsoft SQL Server\100\Tools\Binn\;C:\Program Files\Microsoft SQL Server\100\DTS\Binn\;C:\Program Files\Microsoft\Web Platform Installer\;C:\Program Files (x86)\Microsoft ASP.NET\ASP.NET Web Pages\v1.0\;C:\Program Files (x86)\Windows Kits\8.0\Windows Performance Toolkit\;C:\Program Files\Microsoft SQL Server\110\Tools\Binn\;C:\Program Files\nodejs\;C:\Program Files (x86)\Skype\Phone\;D:\Matlab\runtime\win64;D:\Matlab\bin;C:\openblas;C:\Program Files\MiKTeX 2.9\miktex\bin\x64\;C:\Program Files\Git LFS;D:\Anaconda2;D:\Anaconda2\Scripts;D:\Anaconda2\Library\bin;C:\Users\Zarmeen\AppData\Roaming\npm;D:\wget;D:\7-Zip;D:\apache-maven-3.3.9-bin\apache-maven-3.3.9\bin;C:\Program Files\Java\jdk1.8.0_65\bin;C:\Program Files\Java\jre1.8.0_65\bin;D:\sdk\platform-tools
USERNAME=Zarmeen
OS=Windows_NT
PROCESSOR_IDENTIFIER=Intel64 Family 6 Model 69 Stepping 1, GenuineIntel



---------------  S Y S T E M  ---------------

OS: Windows 8.1 , 64 bit Build 9600 (6.3.9600.17415)

CPU:total 4 (2 cores per cpu, 2 threads per core) family 6 model 69 stepping 1, cmov, cx8, fxsr, mmx, sse, sse2, sse3, ssse3, sse4.1, sse4.2, popcnt, avx, avx2, aes, clmul, erms, lzcnt, ht, tsc, tscinvbit, bmi1, bmi2

Memory: 4k page, physical 4114584k(398304k free), swap 7260312k(5396k free)

vm_info: Java HotSpot(TM) 64-Bit Server VM (25.65-b01) for windows-amd64 JRE (1.8.0_65-b17), built on Oct  6 2015 16:39:20 by "java_re" with MS VC++ 10.0 (VS2010)

time: Wed Mar 15 00:55:09 2017
elapsed time: 11 seconds (0d 0h 0m 11s)

