#
# There is insufficient memory for the Java Runtime Environment to continue.
# Native memory allocation (malloc) failed to allocate 1355616 bytes for Chunk::new
# Possible reasons:
#   The system is out of physical RAM or swap space
#   In 32 bit mode, the process size limit was hit
# Possible solutions:
#   Reduce memory load on the system
#   Increase physical memory or swap space
#   Check if swap backing store is full
#   Use 64 bit Java on a 64 bit OS
#   Decrease Java heap size (-Xmx/-Xms)
#   Decrease number of Java threads
#   Decrease Java thread stack sizes (-Xss)
#   Set larger code cache with -XX:ReservedCodeCacheSize=
# This output file may be truncated or incomplete.
#
#  Out of Memory Error (allocation.cpp:390), pid=11008, tid=2504
#
# JRE version: Java(TM) SE Runtime Environment (8.0_65-b17) (build 1.8.0_65-b17)
# Java VM: Java HotSpot(TM) 64-Bit Server VM (25.65-b01 mixed mode windows-amd64 compressed oops)
# Failed to write core dump. Minidumps are not enabled by default on client versions of Windows
#

---------------  T H R E A D  ---------------

Current thread (0x0000000014625800):  JavaThread "C2 CompilerThread1" daemon [_thread_in_native, id=2504, stack(0x0000000015d60000,0x0000000015e60000)]

Stack: [0x0000000015d60000,0x0000000015e60000]
[error occurred during error reporting (printing stack bounds), id 0xc0000005]

Native frames: (J=compiled Java code, j=interpreted, Vv=VM code, C=native code)


Current CompileTask:
C2:  16302 2005   !   4       com.android.dx.cf.code.RopperMachine::run (1550 bytes)


---------------  P R O C E S S  ---------------

Java Threads: ( => current thread )
  0x00000000161d1000 JavaThread "pool-1-thread-4" [_thread_in_Java, id=6948, stack(0x0000000016960000,0x0000000016a60000)]
  0x00000000161d0800 JavaThread "pool-1-thread-3" [_thread_blocked, id=7044, stack(0x0000000016860000,0x0000000016960000)]
  0x00000000161cf800 JavaThread "pool-1-thread-2" [_thread_blocked, id=200, stack(0x0000000016760000,0x0000000016860000)]
  0x00000000161cc800 JavaThread "pool-2-thread-1" [_thread_blocked, id=9508, stack(0x0000000016660000,0x0000000016760000)]
  0x00000000161cc000 JavaThread "pool-1-thread-1" [_thread_blocked, id=3748, stack(0x0000000016560000,0x0000000016660000)]
  0x0000000015f88800 JavaThread "Service Thread" daemon [_thread_blocked, id=4388, stack(0x0000000016360000,0x0000000016460000)]
  0x0000000014628800 JavaThread "C1 CompilerThread2" daemon [_thread_blocked, id=2744, stack(0x0000000015e60000,0x0000000015f60000)]
=>0x0000000014625800 JavaThread "C2 CompilerThread1" daemon [_thread_in_native, id=2504, stack(0x0000000015d60000,0x0000000015e60000)]
  0x000000001461f000 JavaThread "C2 CompilerThread0" daemon [_thread_in_native, id=11588, stack(0x0000000015c60000,0x0000000015d60000)]
  0x000000001461d800 JavaThread "Attach Listener" daemon [_thread_blocked, id=2944, stack(0x0000000015b60000,0x0000000015c60000)]
  0x000000001461c000 JavaThread "Signal Dispatcher" daemon [_thread_blocked, id=7284, stack(0x0000000015a60000,0x0000000015b60000)]
  0x0000000001f48800 JavaThread "Finalizer" daemon [_thread_blocked, id=944, stack(0x0000000015880000,0x0000000015980000)]
  0x0000000001f40000 JavaThread "Reference Handler" daemon [_thread_blocked, id=9476, stack(0x0000000015780000,0x0000000015880000)]
  0x0000000001e4e000 JavaThread "main" [_thread_blocked, id=5780, stack(0x0000000001ce0000,0x0000000001de0000)]

Other Threads:
  0x00000000145e8000 VMThread [stack: 0x0000000015680000,0x0000000015780000] [id=13260]
  0x0000000015fb0000 WatcherThread [stack: 0x0000000016460000,0x0000000016560000] [id=3684]

VM state:not at safepoint (normal execution)

VM Mutex/Monitor currently owned by a thread: None

Heap:
 PSYoungGen      total 68096K, used 37209K [0x00000000eab00000, 0x00000000ef000000, 0x0000000100000000)
  eden space 65536K, 56% used [0x00000000eab00000,0x00000000ecf56448,0x00000000eeb00000)
  from space 2560K, 0% used [0x00000000eeb00000,0x00000000eeb00000,0x00000000eed80000)
  to   space 2560K, 0% used [0x00000000eed80000,0x00000000eed80000,0x00000000ef000000)
 ParOldGen       total 74752K, used 31949K [0x00000000c0000000, 0x00000000c4900000, 0x00000000eab00000)
  object space 74752K, 42% used [0x00000000c0000000,0x00000000c1f336f8,0x00000000c4900000)
 Metaspace       used 6333K, capacity 7192K, committed 7424K, reserved 1056768K
  class space    used 618K, capacity 656K, committed 768K, reserved 1048576K

Card table byte_map: [0x0000000011310000,0x0000000011520000] byte_map_base: 0x0000000010d10000

Marking Bits: (ParMarkBitMap*) 0x0000000056e9a5b0
 Begin Bits: [0x0000000011a80000, 0x0000000012a80000)
 End Bits:   [0x0000000012a80000, 0x0000000013a80000)

Polling page: 0x0000000000520000

CodeCache: size=245760Kb used=8867Kb max_used=8867Kb free=236892Kb
 bounds [0x0000000001f50000, 0x0000000002810000, 0x0000000010f50000]
 total_blobs=2197 nmethods=1927 adapters=182
 compilation: enabled

Compilation events (10 events):
Event: 15.778 Thread 0x0000000014628800 2004       2       com.android.dx.ssa.ConstCollector$1::compare (42 bytes)
Event: 15.779 Thread 0x0000000014628800 nmethod 2004 0x00000000027ef1d0 code [0x00000000027ef380, 0x00000000027ef718]
Event: 15.797 Thread 0x0000000014628800 2008       2       java.util.HashMap::getNode (148 bytes)
Event: 15.798 Thread 0x0000000014628800 nmethod 2008 0x00000000027efa90 code [0x00000000027efc40, 0x00000000027f00a8]
Event: 15.923 Thread 0x0000000014625800 nmethod 1962 0x00000000027f3d90 code [0x00000000027f4260, 0x00000000027f6cc0]
Event: 15.924 Thread 0x0000000014625800 2005   !   4       com.android.dx.cf.code.RopperMachine::run (1550 bytes)
Event: 16.077 Thread 0x0000000014628800 2010       2       java.util.HashMap::putVal (300 bytes)
Event: 16.079 Thread 0x0000000014628800 nmethod 2010 0x00000000027f2e10 code [0x00000000027f3020, 0x00000000027f3738]
Event: 16.083 Thread 0x0000000014628800 2012 %     2       com.android.dx.ssa.Dominators::run @ 137 (506 bytes)
Event: 16.089 Thread 0x0000000014628800 nmethod 2012% 0x00000000027fb2d0 code [0x00000000027fb6a0, 0x00000000027fcd78]

GC Heap History (10 events):
Event: 5.848 GC heap before
{Heap before GC invocations=2 (full 0):
 PSYoungGen      total 18944K, used 18938K [0x00000000eab00000, 0x00000000ed000000, 0x0000000100000000)
  eden space 16384K, 100% used [0x00000000eab00000,0x00000000ebb00000,0x00000000ebb00000)
  from space 2560K, 99% used [0x00000000ebb00000,0x00000000ebd7ea98,0x00000000ebd80000)
  to   space 2560K, 0% used [0x00000000ecd80000,0x00000000ecd80000,0x00000000ed000000)
 ParOldGen       total 44032K, used 1811K [0x00000000c0000000, 0x00000000c2b00000, 0x00000000eab00000)
  object space 44032K, 4% used [0x00000000c0000000,0x00000000c01c4eb0,0x00000000c2b00000)
 Metaspace       used 5962K, capacity 6960K, committed 7040K, reserved 1056768K
  class space    used 592K, capacity 616K, committed 640K, reserved 1048576K
Event: 5.935 GC heap after
Heap after GC invocations=2 (full 0):
 PSYoungGen      total 35328K, used 2556K [0x00000000eab00000, 0x00000000ed000000, 0x0000000100000000)
  eden space 32768K, 0% used [0x00000000eab00000,0x00000000eab00000,0x00000000ecb00000)
  from space 2560K, 99% used [0x00000000ecd80000,0x00000000ecfff1a0,0x00000000ed000000)
  to   space 2560K, 0% used [0x00000000ecb00000,0x00000000ecb00000,0x00000000ecd80000)
 ParOldGen       total 44032K, used 4525K [0x00000000c0000000, 0x00000000c2b00000, 0x00000000eab00000)
  object space 44032K, 10% used [0x00000000c0000000,0x00000000c046b6f8,0x00000000c2b00000)
 Metaspace       used 5962K, capacity 6960K, committed 7040K, reserved 1056768K
  class space    used 592K, capacity 616K, committed 640K, reserved 1048576K
}
Event: 7.673 GC heap before
{Heap before GC invocations=3 (full 0):
 PSYoungGen      total 35328K, used 35324K [0x00000000eab00000, 0x00000000ed000000, 0x0000000100000000)
  eden space 32768K, 100% used [0x00000000eab00000,0x00000000ecb00000,0x00000000ecb00000)
  from space 2560K, 99% used [0x00000000ecd80000,0x00000000ecfff1a0,0x00000000ed000000)
  to   space 2560K, 0% used [0x00000000ecb00000,0x00000000ecb00000,0x00000000ecd80000)
 ParOldGen       total 44032K, used 4525K [0x00000000c0000000, 0x00000000c2b00000, 0x00000000eab00000)
  object space 44032K, 10% used [0x00000000c0000000,0x00000000c046b6f8,0x00000000c2b00000)
 Metaspace       used 6134K, capacity 7088K, committed 7296K, reserved 1056768K
  class space    used 595K, capacity 616K, committed 640K, reserved 1048576K
Event: 7.724 GC heap after
Heap after GC invocations=3 (full 0):
 PSYoungGen      total 35328K, used 2552K [0x00000000eab00000, 0x00000000ef000000, 0x0000000100000000)
  eden space 32768K, 0% used [0x00000000eab00000,0x00000000eab00000,0x00000000ecb00000)
  from space 2560K, 99% used [0x00000000ecb00000,0x00000000ecd7e350,0x00000000ecd80000)
  to   space 2560K, 0% used [0x00000000eed80000,0x00000000eed80000,0x00000000ef000000)
 ParOldGen       total 44032K, used 12811K [0x00000000c0000000, 0x00000000c2b00000, 0x00000000eab00000)
  object space 44032K, 29% used [0x00000000c0000000,0x00000000c0c82fa8,0x00000000c2b00000)
 Metaspace       used 6134K, capacity 7088K, committed 7296K, reserved 1056768K
  class space    used 595K, capacity 616K, committed 640K, reserved 1048576K
}
Event: 10.285 GC heap before
{Heap before GC invocations=4 (full 0):
 PSYoungGen      total 35328K, used 35320K [0x00000000eab00000, 0x00000000ef000000, 0x0000000100000000)
  eden space 32768K, 100% used [0x00000000eab00000,0x00000000ecb00000,0x00000000ecb00000)
  from space 2560K, 99% used [0x00000000ecb00000,0x00000000ecd7e350,0x00000000ecd80000)
  to   space 2560K, 0% used [0x00000000eed80000,0x00000000eed80000,0x00000000ef000000)
 ParOldGen       total 44032K, used 12811K [0x00000000c0000000, 0x00000000c2b00000, 0x00000000eab00000)
  object space 44032K, 29% used [0x00000000c0000000,0x00000000c0c82fa8,0x00000000c2b00000)
 Metaspace       used 6166K, capacity 7152K, committed 7296K, reserved 1056768K
  class space    used 598K, capacity 616K, committed 640K, reserved 1048576K
Event: 10.556 GC heap after
Heap after GC invocations=4 (full 0):
 PSYoungGen      total 68096K, used 2545K [0x00000000eab00000, 0x00000000ef000000, 0x0000000100000000)
  eden space 65536K, 0% used [0x00000000eab00000,0x00000000eab00000,0x00000000eeb00000)
  from space 2560K, 99% used [0x00000000eed80000,0x00000000eeffc4e0,0x00000000ef000000)
  to   space 2560K, 0% used [0x00000000eeb00000,0x00000000eeb00000,0x00000000eed80000)
 ParOldGen       total 44032K, used 19350K [0x00000000c0000000, 0x00000000c2b00000, 0x00000000eab00000)
  object space 44032K, 43% used [0x00000000c0000000,0x00000000c12e5830,0x00000000c2b00000)
 Metaspace       used 6166K, capacity 7152K, committed 7296K, reserved 1056768K
  class space    used 598K, capacity 616K, committed 640K, reserved 1048576K
}
Event: 13.627 GC heap before
{Heap before GC invocations=5 (full 0):
 PSYoungGen      total 68096K, used 68081K [0x00000000eab00000, 0x00000000ef000000, 0x0000000100000000)
  eden space 65536K, 100% used [0x00000000eab00000,0x00000000eeb00000,0x00000000eeb00000)
  from space 2560K, 99% used [0x00000000eed80000,0x00000000eeffc4e0,0x00000000ef000000)
  to   space 2560K, 0% used [0x00000000eeb00000,0x00000000eeb00000,0x00000000eed80000)
 ParOldGen       total 44032K, used 19350K [0x00000000c0000000, 0x00000000c2b00000, 0x00000000eab00000)
  object space 44032K, 43% used [0x00000000c0000000,0x00000000c12e5830,0x00000000c2b00000)
 Metaspace       used 6234K, capacity 7152K, committed 7296K, reserved 1056768K
  class space    used 598K, capacity 616K, committed 640K, reserved 1048576K
Event: 13.755 GC heap after
Heap after GC invocations=5 (full 0):
 PSYoungGen      total 68096K, used 2555K [0x00000000eab00000, 0x00000000ef000000, 0x0000000100000000)
  eden space 65536K, 0% used [0x00000000eab00000,0x00000000eab00000,0x00000000eeb00000)
  from space 2560K, 99% used [0x00000000eeb00000,0x00000000eed7ec70,0x00000000eed80000)
  to   space 2560K, 0% used [0x00000000eed80000,0x00000000eed80000,0x00000000ef000000)
 ParOldGen       total 44032K, used 32413K [0x00000000c0000000, 0x00000000c2b00000, 0x00000000eab00000)
  object space 44032K, 73% used [0x00000000c0000000,0x00000000c1fa7728,0x00000000c2b00000)
 Metaspace       used 6234K, capacity 7152K, committed 7296K, reserved 1056768K
  class space    used 598K, capacity 616K, committed 640K, reserved 1048576K
}
Event: 13.755 GC heap before
{Heap before GC invocations=6 (full 1):
 PSYoungGen      total 68096K, used 2555K [0x00000000eab00000, 0x00000000ef000000, 0x0000000100000000)
  eden space 65536K, 0% used [0x00000000eab00000,0x00000000eab00000,0x00000000eeb00000)
  from space 2560K, 99% used [0x00000000eeb00000,0x00000000eed7ec70,0x00000000eed80000)
  to   space 2560K, 0% used [0x00000000eed80000,0x00000000eed80000,0x00000000ef000000)
 ParOldGen       total 44032K, used 32413K [0x00000000c0000000, 0x00000000c2b00000, 0x00000000eab00000)
  object space 44032K, 73% used [0x00000000c0000000,0x00000000c1fa7728,0x00000000c2b00000)
 Metaspace       used 6234K, capacity 7152K, committed 7296K, reserved 1056768K
  class space    used 598K, capacity 616K, committed 640K, reserved 1048576K
Event: 15.675 GC heap after
Heap after GC invocations=6 (full 1):
 PSYoungGen      total 68096K, used 0K [0x00000000eab00000, 0x00000000ef000000, 0x0000000100000000)
  eden space 65536K, 0% used [0x00000000eab00000,0x00000000eab00000,0x00000000eeb00000)
  from space 2560K, 0% used [0x00000000eeb00000,0x00000000eeb00000,0x00000000eed80000)
  to   space 2560K, 0% used [0x00000000eed80000,0x00000000eed80000,0x00000000ef000000)
 ParOldGen       total 74752K, used 31949K [0x00000000c0000000, 0x00000000c4900000, 0x00000000eab00000)
  object space 74752K, 42% used [0x00000000c0000000,0x00000000c1f336f8,0x00000000c4900000)
 Metaspace       used 6234K, capacity 7152K, committed 7296K, reserved 1056768K
  class space    used 598K, capacity 616K, committed 640K, reserved 1048576K
}

Deoptimization events (10 events):
Event: 13.039 Thread 0x00000000161cc000 Uncommon trap: reason=bimorphic action=maybe_recompile pc=0x000000000276e154 method=com.android.dx.cf.code.BytecodeArray.parseInstruction(ILcom/android/dx/cf/code/BytecodeArray$Visitor;)I @ 1597
Event: 15.689 Thread 0x00000000161cc000 Uncommon trap: reason=bimorphic action=maybe_recompile pc=0x000000000268f5ec method=com.android.dx.rop.code.RegisterSpec.withSimpleType()Lcom/android/dx/rop/code/RegisterSpec; @ 21
Event: 15.691 Thread 0x00000000161cc000 Uncommon trap: reason=bimorphic action=maybe_recompile pc=0x000000000268f5ec method=com.android.dx.rop.code.RegisterSpec.withSimpleType()Lcom/android/dx/rop/code/RegisterSpec; @ 21
Event: 15.695 Thread 0x00000000161cc000 Uncommon trap: reason=bimorphic action=maybe_recompile pc=0x0000000002735ff0 method=com.android.dx.cf.code.RopperMachine.run(Lcom/android/dx/cf/code/Frame;II)V @ 310
Event: 15.695 Thread 0x00000000161cc000 Uncommon trap: reason=bimorphic action=maybe_recompile pc=0x0000000002735ff0 method=com.android.dx.cf.code.RopperMachine.run(Lcom/android/dx/cf/code/Frame;II)V @ 310
Event: 15.695 Thread 0x00000000161cc000 Uncommon trap: reason=bimorphic action=maybe_recompile pc=0x0000000002735ff0 method=com.android.dx.cf.code.RopperMachine.run(Lcom/android/dx/cf/code/Frame;II)V @ 310
Event: 15.729 Thread 0x00000000161cf800 Uncommon trap: reason=unstable_if action=reinterpret pc=0x00000000022c48f4 method=java.util.HashMap.putVal(ILjava/lang/Object;Ljava/lang/Object;ZZ)Ljava/lang/Object; @ 162
Event: 15.735 Thread 0x00000000161cf800 Uncommon trap: reason=unstable_if action=reinterpret pc=0x0000000002500984 method=java.util.HashMap.getNode(ILjava/lang/Object;)Ljava/util/HashMap$Node; @ 84
Event: 15.797 Thread 0x00000000161cc000 Uncommon trap: reason=unstable_if action=reinterpret pc=0x00000000024b4898 method=java.util.HashMap.getNode(ILjava/lang/Object;)Ljava/util/HashMap$Node; @ 84
Event: 16.074 Thread 0x00000000161cf800 Uncommon trap: reason=unstable_if action=reinterpret pc=0x00000000027ae7c8 method=java.util.HashMap.putVal(ILjava/lang/Object;Ljava/lang/Object;ZZ)Ljava/lang/Object; @ 162

Internal exceptions (6 events):
Event: 0.114 Thread 0x0000000001e4e000 Exception <a 'java/lang/NoSuchMethodError': Method sun.misc.Unsafe.defineClass(Ljava/lang/String;[BII)Ljava/lang/Class; name or signature does not match> (0x00000000eab0daa8) thrown at [C:\workspace\8-2-build-windows-amd64-cygwin\jdk8u65\4987\hotspot\src\smàþ˜Ñ/½?
Event: 0.114 Thread 0x0000000001e4e000 Exception <a 'java/lang/NoSuchMethodError': Method sun.misc.Unsafe.prefetchRead(Ljava/lang/Object;J)V name or signature does not match> (0x00000000eab0dd90) thrown at [C:\workspace\8-2-build-windows-amd64-cygwin\jdk8u65\4987\hotspot\src\share\vm\prims\jni.¾EF!@
Event: 6.282 Thread 0x00000000161d1000 Implicit null exception at 0x00000000022edfa2 to 0x00000000022ee09a
Event: 15.733 Thread 0x00000000161cf800 Exception <a 'java/lang/ArrayIndexOutOfBoundsException': 18> (0x00000000ebac7810) thrown at [C:\workspace\8-2-build-windows-amd64-cygwin\jdk8u65\4987\hotspot\src\share\vm\interpreter\interpreterRuntime.cpp, line 366]
Event: 15.733 Thread 0x00000000161cf800 Exception <a 'java/lang/ArrayIndexOutOfBoundsException': 145> (0x00000000ebac9390) thrown at [C:\workspace\8-2-build-windows-amd64-cygwin\jdk8u65\4987\hotspot\src\share\vm\interpreter\interpreterRuntime.cpp, line 366]
Event: 15.734 Thread 0x00000000161cf800 Exception <a 'java/lang/ArrayIndexOutOfBoundsException'> (0x00000000ebaca678) thrown at [C:\workspace\8-2-build-windows-amd64-cygwin\jdk8u65\4987\hotspot\src\share\vm\runtime\sharedRuntime.cpp, line 605]

Events (10 events):
Event: 15.735 Thread 0x00000000161cf800 DEOPT PACKING pc=0x0000000002500984 sp=0x000000001685e820
Event: 15.735 Thread 0x00000000161cf800 DEOPT UNPACKING pc=0x0000000001f9582a sp=0x000000001685e740 mode 2
Event: 15.797 Thread 0x00000000161cc000 Uncommon trap: trap_request=0xffffff65 fr.pc=0x00000000024b4898
Event: 15.797 Thread 0x00000000161cc000 DEOPT PACKING pc=0x00000000024b4898 sp=0x000000001665e930
Event: 15.797 Thread 0x00000000161cc000 DEOPT UNPACKING pc=0x0000000001f9582a sp=0x000000001665e8a8 mode 2
Event: 16.074 Thread 0x00000000161cf800 Uncommon trap: trap_request=0xffffff65 fr.pc=0x00000000027ae7c8
Event: 16.074 Thread 0x00000000161cf800 DEOPT PACKING pc=0x00000000027ae7c8 sp=0x000000001685e870
Event: 16.074 Thread 0x00000000161cf800 DEOPT UNPACKING pc=0x0000000001f9582a sp=0x000000001685e7f8 mode 2
Event: 16.081 Thread 0x00000000161d1000 DEOPT PACKING pc=0x000000000233989d sp=0x0000000016a5e710
Event: 16.081 Thread 0x00000000161d1000 DEOPT UNPACKING pc=0x0000000001f9787f sp=0x0000000016a5e550 mode 0


Dynamic libraries:
0x00007ff77bfe0000 - 0x00007ff77c017000 	C:\Program Files\Java\jdk1.8.0_65\bin\java.exe
0x00007ff8e6020000 - 0x00007ff8e61cd000 	C:\Windows\SYSTEM32\ntdll.dll
0x00007ff8e49a0000 - 0x00007ff8e4ade000 	C:\Windows\system32\KERNEL32.DLL
0x00007ff8e5fc0000 - 0x00007ff8e6014000 	C:\Program Files (x86)\AVG\Av\avghooka.dll
0x00007ff8e2210000 - 0x00007ff8e2325000 	C:\Windows\system32\KERNELBASE.dll
0x00007ff8e0a70000 - 0x00007ff8e0afe000 	C:\Windows\system32\apphelp.dll
0x00007ff8d95c0000 - 0x00007ff8d9613000 	C:\Windows\AppPatch\AppPatch64\AcGenral.DLL
0x00007ff8e48f0000 - 0x00007ff8e499a000 	C:\Windows\system32\msvcrt.dll
0x00007ff8e1ef0000 - 0x00007ff8e1f1e000 	C:\Windows\system32\SspiCli.dll
0x00007ff8e4520000 - 0x00007ff8e4574000 	C:\Windows\system32\SHLWAPI.dll
0x00007ff8e2580000 - 0x00007ff8e26f7000 	C:\Windows\system32\USER32.dll
0x00007ff8e2380000 - 0x00007ff8e2514000 	C:\Windows\system32\ole32.dll
0x00007ff8e2700000 - 0x00007ff8e3c28000 	C:\Windows\system32\SHELL32.dll
0x00007ff8e13b0000 - 0x00007ff8e13d1000 	C:\Windows\SYSTEM32\USERENV.dll
0x00007ff8e3c30000 - 0x00007ff8e3cda000 	C:\Windows\system32\ADVAPI32.dll
0x00007ff8d3d50000 - 0x00007ff8d3d6e000 	C:\Windows\SYSTEM32\MPR.dll
0x00007ff8e4580000 - 0x00007ff8e46c0000 	C:\Windows\system32\RPCRT4.dll
0x00007ff8e3ce0000 - 0x00007ff8e3d39000 	C:\Windows\SYSTEM32\sechost.dll
0x00007ff8e46c0000 - 0x00007ff8e48d1000 	C:\Windows\SYSTEM32\combase.dll
0x00007ff8e4180000 - 0x00007ff8e42cf000 	C:\Windows\system32\GDI32.dll
0x00007ff8e1e20000 - 0x00007ff8e1e35000 	C:\Windows\SYSTEM32\profapi.dll
0x00007ff8e0270000 - 0x00007ff8e0322000 	C:\Windows\SYSTEM32\SHCORE.dll
0x00007ff8e42d0000 - 0x00007ff8e4306000 	C:\Windows\system32\IMM32.DLL
0x00007ff8e3f50000 - 0x00007ff8e40a2000 	C:\Windows\system32\MSCTF.dll
0x00007ff8dfdf0000 - 0x00007ff8e006b000 	C:\Windows\WinSxS\amd64_microsoft.windows.common-controls_6595b64144ccf1df_6.0.9600.18006_none_623f33d3ecbe86e8\COMCTL32.dll
0x0000000057a90000 - 0x0000000057b62000 	C:\Program Files\Java\jdk1.8.0_65\jre\bin\msvcr100.dll
0x0000000056690000 - 0x0000000056f19000 	C:\Program Files\Java\jdk1.8.0_65\jre\bin\server\jvm.dll
0x00007ff8d3b20000 - 0x00007ff8d3b29000 	C:\Windows\SYSTEM32\WSOCK32.dll
0x00007ff8e5ac0000 - 0x00007ff8e5ae2000 	C:\Windows\SYSTEM32\WINMM.dll
0x00007ff8d85c0000 - 0x00007ff8d85ca000 	C:\Windows\SYSTEM32\VERSION.dll
0x00007ff8e48e0000 - 0x00007ff8e48e7000 	C:\Windows\system32\PSAPI.DLL
0x00007ff8e4ae0000 - 0x00007ff8e4b3a000 	C:\Windows\system32\WS2_32.dll
0x00007ff8e5980000 - 0x00007ff8e59aa000 	C:\Windows\SYSTEM32\WINMMBASE.dll
0x00007ff8e4510000 - 0x00007ff8e4519000 	C:\Windows\system32\NSI.dll
0x00007ff8e2330000 - 0x00007ff8e237f000 	C:\Windows\SYSTEM32\cfgmgr32.dll
0x00007ff8e0c50000 - 0x00007ff8e0c78000 	C:\Windows\SYSTEM32\DEVOBJ.dll
0x0000000057a80000 - 0x0000000057a8f000 	C:\Program Files\Java\jdk1.8.0_65\jre\bin\verify.dll
0x00000000577b0000 - 0x00000000577d9000 	C:\Program Files\Java\jdk1.8.0_65\jre\bin\java.dll
0x0000000057790000 - 0x00000000577a6000 	C:\Program Files\Java\jdk1.8.0_65\jre\bin\zip.dll

VM Arguments:
jvm_args: -Djava.awt.headless=true -Xmx1024M -Dfile.encoding=windows-1252 -Duser.country=US -Duser.language=en -Duser.variant 
java_command: com.android.dx.command.Main --dex --num-threads=4 --output D:\Setup-Software\Git\KiboEngageMobile\android\app\build\intermediates\pre-dexed\debug\com.facebook.react-react-native-0.39.2_7faeee5049fc7a3262c252a1a47271846e5a6d8f.jar D:\Setup-Software\Git\KiboEngageMobile\android\app\build\intermediates\exploded-aar\com.facebook.react\react-native\0.39.2\jars\classes.jar
java_class_path (initial): D:\sdk\build-tools\23.0.1\lib\dx.jar
Launcher Type: SUN_STANDARD

Environment Variables:
JAVA_HOME=C:\Program Files\Java\jdk1.8.0_65
CLASSPATH=D:\Setup-Software\Git\KiboEngageMobile\android\\gradle\wrapper\gradle-wrapper.jar
PATH=D:\Setup-Software\Git\cmd;C:\Python35\Lib\site-packages\PyQt5;C:\ProgramData\Oracle\Java\javapath;D:\Setup-Software\Rtools\bin;D:\Setup-Software\Rtools\gcc-4.6.3\bin;C:\Program Files (x86)\Intel\iCLS Client\;C:\Program Files\Intel\iCLS Client\;C:\Windows\system32;C:\Windows;C:\Windows\System32\Wbem;C:\Windows\System32\WindowsPowerShell\v1.0\;C:\Program Files\Intel\Intel(R) Management Engine Components\DAL;C:\Program Files\Intel\Intel(R) Management Engine Components\IPT;C:\Program Files (x86)\Intel\Intel(R) Management Engine Components\DAL;C:\Program Files (x86)\Intel\Intel(R) Management Engine Components\IPT;C:\Program Files (x86)\Microsoft SQL Server\100\Tools\Binn\;C:\Program Files\Microsoft SQL Server\100\Tools\Binn\;C:\Program Files\Microsoft SQL Server\100\DTS\Binn\;C:\Program Files\Microsoft\Web Platform Installer\;C:\Program Files (x86)\Microsoft ASP.NET\ASP.NET Web Pages\v1.0\;C:\Program Files (x86)\Windows Kits\8.0\Windows Performance Toolkit\;C:\Program Files\Microsoft SQL Server\110\Tools\Binn\;C:\Program Files\nodejs\;C:\Program Files (x86)\Skype\Phone\;D:\Matlab\runtime\win64;D:\Matlab\bin;C:\openblas;C:\Program Files\MiKTeX 2.9\miktex\bin\x64\;C:\Program Files\Git LFS;D:\Anaconda2;D:\Anaconda2\Scripts;D:\Anaconda2\Library\bin;C:\Users\Zarmeen\AppData\Roaming\npm;D:\wget;D:\7-Zip;D:\apache-maven-3.3.9-bin\apache-maven-3.3.9\bin;C:\Program Files\Java\jdk1.8.0_65\bin;C:\Program Files\Java\jre1.8.0_65\bin;D:\sdk\platform-tools
USERNAME=Zarmeen
OS=Windows_NT
PROCESSOR_IDENTIFIER=Intel64 Family 6 Model 69 Stepping 1, GenuineIntel



---------------  S Y S T E M  ---------------

OS: Windows 8.1 , 64 bit Build 9600 (6.3.9600.17415)

CPU:total 4 (2 cores per cpu, 2 threads per core) family 6 model 69 stepping 1, cmov, cx8, fxsr, mmx, sse, sse2, sse3, ssse3, sse4.1, sse4.2, popcnt, avx, avx2, aes, clmul, erms, lzcnt, ht, tsc, tscinvbit, bmi1, bmi2

Memory: 4k page, physical 4114584k(398296k free), swap 7260312k(5464k free)

vm_info: Java HotSpot(TM) 64-Bit Server VM (25.65-b01) for windows-amd64 JRE (1.8.0_65-b17), built on Oct  6 2015 16:39:20 by "java_re" with MS VC++ 10.0 (VS2010)

time: Wed Mar 15 00:55:09 2017
elapsed time: 16 seconds (0d 0h 0m 16s)

